#
# A fatal error has been detected by the Java Runtime Environment:
#
#  SIGBUS (0xa) at pc=0x000000010a36fdb8, pid=10062, tid=30723
#
# JRE version: OpenJDK Runtime Environment Corretto-11.0.22.7.1 (11.0.22+7) (build 11.0.22+7-LTS)
# Java VM: OpenJDK 64-Bit Server VM Corretto-11.0.22.7.1 (11.0.22+7-LTS, mixed mode, tiered, compressed oops, g1 gc, bsd-aarch64)
# Problematic frame:
# v  ~StubRoutines::SafeFetchN
#
# No core dump will be written. Core dumps have been disabled. To enable core dumping, try "ulimit -c unlimited" before starting Java again
#
# If you would like to submit a bug report, please visit:
#   https://github.com/corretto/corretto-11/issues/
#

---------------  S U M M A R Y ------------

Command Line: -javaagent:/Applications/IntelliJ IDEA.app/Contents/lib/idea_rt.jar=64094:/Applications/IntelliJ IDEA.app/Contents/bin -agentpath:/private/var/folders/69/fbfzxhp15bv2l2lgx2_fxkz00000gn/T/idea_libasyncProfiler_dylib_temp_folder/libasyncProfiler.dylib=start,jfr,event=wall,interval=10ms,jfrsync=profile,cstack=no,file=/Users/jo/IdeaSnapshots/Main_2024_04_13_201644.jfr,log=/private/var/folders/69/fbfzxhp15bv2l2lgx2_fxkz00000gn/T/Main_2024_04_13_201644.jfr.log.txt,logLevel=DEBUG -Dfile.encoding=UTF-8 com.nhnacademy.aiotone.Main

Host: Mac14,2 arm64 1 MHz, 8 cores, 16G, Darwin 22.3.0
Time: Sat Apr 13 20:16:45 2024 KST elapsed time: 0.790277 seconds (0d 0h 0m 0s)

---------------  T H R E A D  ---------------

Current thread (0x0000000149812800):  JavaThread "Monitor Ctrl-Break" daemon [_thread_in_vm, id=30723, stack(0x0000000171dc8000,0x0000000171fcb000)]

Stack: [0x0000000171dc8000,0x0000000171fcb000],  sp=0x0000000171fb8e90,  free space=1987k
Native frames: (J=compiled Java code, A=aot compiled Java code, j=interpreted, Vv=VM code, C=native code)
v  ~StubRoutines::SafeFetchN

[error occurred during error reporting (printing native stack), id 0xa, SIGBUS (0xa) at pc=0x000000010a36fdac]

Java frames: (J=compiled Java code, j=interpreted, Vv=VM code)
j  java.net.SocketInputStream.socketRead0(Ljava/io/FileDescriptor;[BIII)I+0 java.base@11.0.22
j  java.net.SocketInputStream.socketRead(Ljava/io/FileDescriptor;[BIII)I+8 java.base@11.0.22
j  java.net.SocketInputStream.read([BIII)I+114 java.base@11.0.22
j  java.net.SocketInputStream.read([BII)I+11 java.base@11.0.22
j  sun.nio.cs.StreamDecoder.readBytes()I+135 java.base@11.0.22
j  sun.nio.cs.StreamDecoder.implRead([CII)I+112 java.base@11.0.22
j  sun.nio.cs.StreamDecoder.read([CII)I+180 java.base@11.0.22
j  java.io.InputStreamReader.read([CII)I+7 java.base@11.0.22
j  java.io.BufferedReader.fill()V+145 java.base@11.0.22
j  java.io.BufferedReader.readLine(Z)Ljava/lang/String;+44 java.base@11.0.22
j  java.io.BufferedReader.readLine()Ljava/lang/String;+2 java.base@11.0.22
j  com.intellij.rt.execution.application.AppMainV2$1.run()V+36
v  ~StubRoutines::call_stub

siginfo: si_signo: 10 (SIGBUS), si_code: 1 (BUS_ADRALN), si_addr: 0x000000010a36fdb8

Register to memory mapping:

 x0=
[error occurred during error reporting (printing register info), id 0xa, SIGBUS (0xa) at pc=0x000000010a36fdac]

Registers:
 x0=0x0000000171fca418  x1=0x0000000000000000  x2=0x00000001010aeaa8  x3=0x0000000171fb9780
 x4=0x0000000171fb98d8  x5=0x0000000171fb9d60  x6=0x0000000101694000  x7=0x0000000000000008
 x8=0x000000010a36fdb4  x9=0x0000000171fca3a0 x10=0x0000000000000000 x11=0x0000000171fca3e0
x12=0x00000000000000ab x13=0x0000000000000000 x14=0x0000000000000004 x15=0x00000000c34237fb
x16=0x00000001b15b8e9c x17=0x0000600006560ff0 x18=0x0000000000000000 x19=0x0000000171fca418
x20=0x0000000149812800 x21=0x0000000000000001 x22=0x0000000171fb8fe0 x23=0x0000000101694d38
x24=0x0000000171fca390 x25=0x0000000171fca430 x26=0x0000000171fca3a0 x27=0x0000000149812800
x28=0x0000000149812b50  fp=0x0000000171fb8eb0  lr=0x000000010101c014  sp=0x0000000171fb8e90
pc=0x000000010a36fdb8 cpsr=0x0000000060001000
Top of Stack: (sp=0x0000000171fb8e90)
0x0000000171fb8e90:   
[error occurred during error reporting (printing registers, top of stack, instructions near pc), id 0xa, SIGBUS (0xa) at pc=0x000000010a36fdac]


[error occurred during error reporting (inspecting top of stack), id 0xa, SIGBUS (0xa) at pc=0x000000010a36fdac]

StubRoutines::SafeFetchN [0x000000010a36fdb4, 0x000000010a36fdc0[ (12 bytes)
---------------  P R O C E S S  ---------------

Threads class SMR info:
_java_thread_list=0x00006000022015c0, length=14, elements={
0x0000000149809000, 0x000000014aa39000, 0x000000014a113800, 0x000000014a114800,
0x000000014aa44000, 0x000000012a008800, 0x000000014aa45000, 0x000000012980b000,
0x000000014a181800, 0x0000000149812800, 0x0000000149a2c800, 0x000000014abdf000,
0x000000014a209800, 0x000000014abe2000
}
_to_delete_list=0x0000600002228ea0, length=13, elements={
0x0000000149809000, 0x000000014aa39000, 0x000000014a113800, 0x000000014a114800,
0x000000014aa44000, 0x000000012a008800, 0x000000014aa45000, 0x000000012980b000,
0x000000014a181800, 0x0000000149812800, 0x0000000149a2c800, 0x000000014abdf000,
0x000000014a209800
}

Java Threads: ( => current thread )
  0x0000000149809000 JavaThread "main" [_thread_in_vm, id=4099, stack(0x000000016fdfc000,0x000000016ffff000)]
  0x000000014aa39000 JavaThread "Reference Handler" daemon [_thread_blocked, id=17155, stack(0x0000000170c50000,0x0000000170e53000)]
  0x000000014a113800 JavaThread "Finalizer" daemon [_thread_blocked, id=20995, stack(0x0000000170e5c000,0x000000017105f000)]
  0x000000014a114800 JavaThread "Signal Dispatcher" daemon [_thread_blocked, id=21763, stack(0x0000000171180000,0x0000000171383000)]
  0x000000014aa44000 JavaThread "Service Thread" daemon [_thread_blocked, id=22531, stack(0x000000017138c000,0x000000017158f000)]
  0x000000012a008800 JavaThread "C2 CompilerThread0" daemon [_thread_in_native, id=23043, stack(0x0000000171598000,0x000000017179b000)]
  0x000000014aa45000 JavaThread "C1 CompilerThread0" daemon [_thread_in_native, id=32259, stack(0x00000001717a4000,0x00000001719a7000)]
  0x000000012980b000 JavaThread "Sweeper thread" daemon [_thread_blocked, id=32003, stack(0x00000001719b0000,0x0000000171bb3000)]
  0x000000014a181800 JavaThread "Common-Cleaner" daemon [_thread_blocked, id=31235, stack(0x0000000171bbc000,0x0000000171dbf000)]
=>0x0000000149812800 JavaThread "Monitor Ctrl-Break" daemon [_thread_in_vm, id=30723, stack(0x0000000171dc8000,0x0000000171fcb000)]
  0x0000000149a2c800 JavaThread "JFR Recorder Thread" daemon [_thread_blocked, id=30467, stack(0x0000000171fd4000,0x00000001721d7000)]
  0x000000014abdf000 JavaThread "JFR Periodic Tasks" daemon [_thread_blocked, id=29955, stack(0x00000001721e0000,0x00000001723e3000)]
  0x000000014a209800 JavaThread "JFR Recording Scheduler" daemon [_thread_blocked, id=29187, stack(0x00000001725f8000,0x00000001727fb000)]
  0x000000014abe2000 JavaThread "Async-profiler Timer" daemon [_thread_in_native, id=28931, stack(0x0000000172804000,0x0000000172a07000)]

Other Threads:
  0x000000014aa36800 VMThread "VM Thread" [stack: 0x0000000170a44000,0x0000000170c47000] [id=21507]
  0x000000014abe2800 WatcherThread [stack: 0x0000000172a10000,0x0000000172c13000] [id=28675]
  0x000000014980f000 GCTaskThread "GC Thread#0" [stack: 0x0000000170008000,0x000000017020b000] [id=15363]
  0x000000014a95d000 ConcurrentGCThread "G1 Main Marker" [stack: 0x0000000170214000,0x0000000170417000] [id=14851]
  0x000000014a95d800 ConcurrentGCThread "G1 Conc#0" [stack: 0x0000000170420000,0x0000000170623000] [id=12035]
  0x000000014a9fe800 ConcurrentGCThread "G1 Refine#0" [stack: 0x000000017062c000,0x000000017082f000] [id=13827]
  0x000000014a9ff000 ConcurrentGCThread "G1 Young RemSet Sampling" [stack: 0x0000000170838000,0x0000000170a3b000] [id=13315]

Threads with active compile tasks:
C2 CompilerThread0      793  772       4       java.lang.AbstractStringBuilder::append (45 bytes)

VM state:not at safepoint (normal execution)

VM Mutex/Monitor currently owned by a thread: None

Heap address: 0x00000006c0000000, size: 4096 MB, Compressed Oops mode: Zero based, Oop shift amount: 3
Narrow klass base: 0x0000000800000000, Narrow klass shift: 0
Compressed class space size: 1073741824 Address: 0x0000000800000000

Heap:
 garbage-first heap   total 262144K, used 20480K [0x00000006c0000000, 0x00000007c0000000)
  region size 1024K, 21 young (21504K), 0 survivors (0K)
 Metaspace       used 11279K, capacity 11542K, committed 11776K, reserved 1060864K
  class space    used 1051K, capacity 1156K, committed 1280K, reserved 1048576K
Heap Regions: E=young(eden), S=young(survivor), O=old, HS=humongous(starts), HC=humongous(continues), CS=collection set, F=free, A=archive, TAMS=top-at-mark-start (previous, next)
|   0|0x00000006c0000000, 0x00000006c0000000, 0x00000006c0100000|  0%| F|  |TAMS 0x00000006c0000000, 0x00000006c0000000| Untracked 
|   1|0x00000006c0100000, 0x00000006c0100000, 0x00000006c0200000|  0%| F|  |TAMS 0x00000006c0100000, 0x00000006c0100000| Untracked 
|   2|0x00000006c0200000, 0x00000006c0200000, 0x00000006c0300000|  0%| F|  |TAMS 0x00000006c0200000, 0x00000006c0200000| Untracked 
|   3|0x00000006c0300000, 0x00000006c0300000, 0x00000006c0400000|  0%| F|  |TAMS 0x00000006c0300000, 0x00000006c0300000| Untracked 
|   4|0x00000006c0400000, 0x00000006c0400000, 0x00000006c0500000|  0%| F|  |TAMS 0x00000006c0400000, 0x00000006c0400000| Untracked 
|   5|0x00000006c0500000, 0x00000006c0500000, 0x00000006c0600000|  0%| F|  |TAMS 0x00000006c0500000, 0x00000006c0500000| Untracked 
|   6|0x00000006c0600000, 0x00000006c0600000, 0x00000006c0700000|  0%| F|  |TAMS 0x00000006c0600000, 0x00000006c0600000| Untracked 
|   7|0x00000006c0700000, 0x00000006c0700000, 0x00000006c0800000|  0%| F|  |TAMS 0x00000006c0700000, 0x00000006c0700000| Untracked 
|   8|0x00000006c0800000, 0x00000006c0800000, 0x00000006c0900000|  0%| F|  |TAMS 0x00000006c0800000, 0x00000006c0800000| Untracked 
|   9|0x00000006c0900000, 0x00000006c0900000, 0x00000006c0a00000|  0%| F|  |TAMS 0x00000006c0900000, 0x00000006c0900000| Untracked 
|  10|0x00000006c0a00000, 0x00000006c0a00000, 0x00000006c0b00000|  0%| F|  |TAMS 0x00000006c0a00000, 0x00000006c0a00000| Untracked 
|  11|0x00000006c0b00000, 0x00000006c0b00000, 0x00000006c0c00000|  0%| F|  |TAMS 0x00000006c0b00000, 0x00000006c0b00000| Untracked 
|  12|0x00000006c0c00000, 0x00000006c0c00000, 0x00000006c0d00000|  0%| F|  |TAMS 0x00000006c0c00000, 0x00000006c0c00000| Untracked 
|  13|0x00000006c0d00000, 0x00000006c0d00000, 0x00000006c0e00000|  0%| F|  |TAMS 0x00000006c0d00000, 0x00000006c0d00000| Untracked 
|  14|0x00000006c0e00000, 0x00000006c0e00000, 0x00000006c0f00000|  0%| F|  |TAMS 0x00000006c0e00000, 0x00000006c0e00000| Untracked 
|  15|0x00000006c0f00000, 0x00000006c0f00000, 0x00000006c1000000|  0%| F|  |TAMS 0x00000006c0f00000, 0x00000006c0f00000| Untracked 
|  16|0x00000006c1000000, 0x00000006c1000000, 0x00000006c1100000|  0%| F|  |TAMS 0x00000006c1000000, 0x00000006c1000000| Untracked 
|  17|0x00000006c1100000, 0x00000006c1100000, 0x00000006c1200000|  0%| F|  |TAMS 0x00000006c1100000, 0x00000006c1100000| Untracked 
|  18|0x00000006c1200000, 0x00000006c1200000, 0x00000006c1300000|  0%| F|  |TAMS 0x00000006c1200000, 0x00000006c1200000| Untracked 
|  19|0x00000006c1300000, 0x00000006c1300000, 0x00000006c1400000|  0%| F|  |TAMS 0x00000006c1300000, 0x00000006c1300000| Untracked 
|  20|0x00000006c1400000, 0x00000006c1400000, 0x00000006c1500000|  0%| F|  |TAMS 0x00000006c1400000, 0x00000006c1400000| Untracked 
|  21|0x00000006c1500000, 0x00000006c1500000, 0x00000006c1600000|  0%| F|  |TAMS 0x00000006c1500000, 0x00000006c1500000| Untracked 
|  22|0x00000006c1600000, 0x00000006c1600000, 0x00000006c1700000|  0%| F|  |TAMS 0x00000006c1600000, 0x00000006c1600000| Untracked 
|  23|0x00000006c1700000, 0x00000006c1700000, 0x00000006c1800000|  0%| F|  |TAMS 0x00000006c1700000, 0x00000006c1700000| Untracked 
|  24|0x00000006c1800000, 0x00000006c1800000, 0x00000006c1900000|  0%| F|  |TAMS 0x00000006c1800000, 0x00000006c1800000| Untracked 
|  25|0x00000006c1900000, 0x00000006c1900000, 0x00000006c1a00000|  0%| F|  |TAMS 0x00000006c1900000, 0x00000006c1900000| Untracked 
|  26|0x00000006c1a00000, 0x00000006c1a00000, 0x00000006c1b00000|  0%| F|  |TAMS 0x00000006c1a00000, 0x00000006c1a00000| Untracked 
|  27|0x00000006c1b00000, 0x00000006c1b00000, 0x00000006c1c00000|  0%| F|  |TAMS 0x00000006c1b00000, 0x00000006c1b00000| Untracked 
|  28|0x00000006c1c00000, 0x00000006c1c00000, 0x00000006c1d00000|  0%| F|  |TAMS 0x00000006c1c00000, 0x00000006c1c00000| Untracked 
|  29|0x00000006c1d00000, 0x00000006c1d00000, 0x00000006c1e00000|  0%| F|  |TAMS 0x00000006c1d00000, 0x00000006c1d00000| Untracked 
|  30|0x00000006c1e00000, 0x00000006c1e00000, 0x00000006c1f00000|  0%| F|  |TAMS 0x00000006c1e00000, 0x00000006c1e00000| Untracked 
|  31|0x00000006c1f00000, 0x00000006c1f00000, 0x00000006c2000000|  0%| F|  |TAMS 0x00000006c1f00000, 0x00000006c1f00000| Untracked 
|  32|0x00000006c2000000, 0x00000006c2000000, 0x00000006c2100000|  0%| F|  |TAMS 0x00000006c2000000, 0x00000006c2000000| Untracked 
|  33|0x00000006c2100000, 0x00000006c2100000, 0x00000006c2200000|  0%| F|  |TAMS 0x00000006c2100000, 0x00000006c2100000| Untracked 
|  34|0x00000006c2200000, 0x00000006c2200000, 0x00000006c2300000|  0%| F|  |TAMS 0x00000006c2200000, 0x00000006c2200000| Untracked 
|  35|0x00000006c2300000, 0x00000006c2300000, 0x00000006c2400000|  0%| F|  |TAMS 0x00000006c2300000, 0x00000006c2300000| Untracked 
|  36|0x00000006c2400000, 0x00000006c2400000, 0x00000006c2500000|  0%| F|  |TAMS 0x00000006c2400000, 0x00000006c2400000| Untracked 
|  37|0x00000006c2500000, 0x00000006c2500000, 0x00000006c2600000|  0%| F|  |TAMS 0x00000006c2500000, 0x00000006c2500000| Untracked 
|  38|0x00000006c2600000, 0x00000006c2600000, 0x00000006c2700000|  0%| F|  |TAMS 0x00000006c2600000, 0x00000006c2600000| Untracked 
|  39|0x00000006c2700000, 0x00000006c2700000, 0x00000006c2800000|  0%| F|  |TAMS 0x00000006c2700000, 0x00000006c2700000| Untracked 
|  40|0x00000006c2800000, 0x00000006c2800000, 0x00000006c2900000|  0%| F|  |TAMS 0x00000006c2800000, 0x00000006c2800000| Untracked 
|  41|0x00000006c2900000, 0x00000006c2900000, 0x00000006c2a00000|  0%| F|  |TAMS 0x00000006c2900000, 0x00000006c2900000| Untracked 
|  42|0x00000006c2a00000, 0x00000006c2a00000, 0x00000006c2b00000|  0%| F|  |TAMS 0x00000006c2a00000, 0x00000006c2a00000| Untracked 
|  43|0x00000006c2b00000, 0x00000006c2b00000, 0x00000006c2c00000|  0%| F|  |TAMS 0x00000006c2b00000, 0x00000006c2b00000| Untracked 
|  44|0x00000006c2c00000, 0x00000006c2c00000, 0x00000006c2d00000|  0%| F|  |TAMS 0x00000006c2c00000, 0x00000006c2c00000| Untracked 
|  45|0x00000006c2d00000, 0x00000006c2d00000, 0x00000006c2e00000|  0%| F|  |TAMS 0x00000006c2d00000, 0x00000006c2d00000| Untracked 
|  46|0x00000006c2e00000, 0x00000006c2e00000, 0x00000006c2f00000|  0%| F|  |TAMS 0x00000006c2e00000, 0x00000006c2e00000| Untracked 
|  47|0x00000006c2f00000, 0x00000006c2f00000, 0x00000006c3000000|  0%| F|  |TAMS 0x00000006c2f00000, 0x00000006c2f00000| Untracked 
|  48|0x00000006c3000000, 0x00000006c3000000, 0x00000006c3100000|  0%| F|  |TAMS 0x00000006c3000000, 0x00000006c3000000| Untracked 
|  49|0x00000006c3100000, 0x00000006c3100000, 0x00000006c3200000|  0%| F|  |TAMS 0x00000006c3100000, 0x00000006c3100000| Untracked 
|  50|0x00000006c3200000, 0x00000006c3200000, 0x00000006c3300000|  0%| F|  |TAMS 0x00000006c3200000, 0x00000006c3200000| Untracked 
|  51|0x00000006c3300000, 0x00000006c3300000, 0x00000006c3400000|  0%| F|  |TAMS 0x00000006c3300000, 0x00000006c3300000| Untracked 
|  52|0x00000006c3400000, 0x00000006c3400000, 0x00000006c3500000|  0%| F|  |TAMS 0x00000006c3400000, 0x00000006c3400000| Untracked 
|  53|0x00000006c3500000, 0x00000006c3500000, 0x00000006c3600000|  0%| F|  |TAMS 0x00000006c3500000, 0x00000006c3500000| Untracked 
|  54|0x00000006c3600000, 0x00000006c3600000, 0x00000006c3700000|  0%| F|  |TAMS 0x00000006c3600000, 0x00000006c3600000| Untracked 
|  55|0x00000006c3700000, 0x00000006c3700000, 0x00000006c3800000|  0%| F|  |TAMS 0x00000006c3700000, 0x00000006c3700000| Untracked 
|  56|0x00000006c3800000, 0x00000006c3800000, 0x00000006c3900000|  0%| F|  |TAMS 0x00000006c3800000, 0x00000006c3800000| Untracked 
|  57|0x00000006c3900000, 0x00000006c3900000, 0x00000006c3a00000|  0%| F|  |TAMS 0x00000006c3900000, 0x00000006c3900000| Untracked 
|  58|0x00000006c3a00000, 0x00000006c3a00000, 0x00000006c3b00000|  0%| F|  |TAMS 0x00000006c3a00000, 0x00000006c3a00000| Untracked 
|  59|0x00000006c3b00000, 0x00000006c3b00000, 0x00000006c3c00000|  0%| F|  |TAMS 0x00000006c3b00000, 0x00000006c3b00000| Untracked 
|  60|0x00000006c3c00000, 0x00000006c3c00000, 0x00000006c3d00000|  0%| F|  |TAMS 0x00000006c3c00000, 0x00000006c3c00000| Untracked 
|  61|0x00000006c3d00000, 0x00000006c3d00000, 0x00000006c3e00000|  0%| F|  |TAMS 0x00000006c3d00000, 0x00000006c3d00000| Untracked 
|  62|0x00000006c3e00000, 0x00000006c3e00000, 0x00000006c3f00000|  0%| F|  |TAMS 0x00000006c3e00000, 0x00000006c3e00000| Untracked 
|  63|0x00000006c3f00000, 0x00000006c3f00000, 0x00000006c4000000|  0%| F|  |TAMS 0x00000006c3f00000, 0x00000006c3f00000| Untracked 
|  64|0x00000006c4000000, 0x00000006c4000000, 0x00000006c4100000|  0%| F|  |TAMS 0x00000006c4000000, 0x00000006c4000000| Untracked 
|  65|0x00000006c4100000, 0x00000006c4100000, 0x00000006c4200000|  0%| F|  |TAMS 0x00000006c4100000, 0x00000006c4100000| Untracked 
|  66|0x00000006c4200000, 0x00000006c4200000, 0x00000006c4300000|  0%| F|  |TAMS 0x00000006c4200000, 0x00000006c4200000| Untracked 
|  67|0x00000006c4300000, 0x00000006c4300000, 0x00000006c4400000|  0%| F|  |TAMS 0x00000006c4300000, 0x00000006c4300000| Untracked 
|  68|0x00000006c4400000, 0x00000006c4400000, 0x00000006c4500000|  0%| F|  |TAMS 0x00000006c4400000, 0x00000006c4400000| Untracked 
|  69|0x00000006c4500000, 0x00000006c4500000, 0x00000006c4600000|  0%| F|  |TAMS 0x00000006c4500000, 0x00000006c4500000| Untracked 
|  70|0x00000006c4600000, 0x00000006c4600000, 0x00000006c4700000|  0%| F|  |TAMS 0x00000006c4600000, 0x00000006c4600000| Untracked 
|  71|0x00000006c4700000, 0x00000006c4700000, 0x00000006c4800000|  0%| F|  |TAMS 0x00000006c4700000, 0x00000006c4700000| Untracked 
|  72|0x00000006c4800000, 0x00000006c4800000, 0x00000006c4900000|  0%| F|  |TAMS 0x00000006c4800000, 0x00000006c4800000| Untracked 
|  73|0x00000006c4900000, 0x00000006c4900000, 0x00000006c4a00000|  0%| F|  |TAMS 0x00000006c4900000, 0x00000006c4900000| Untracked 
|  74|0x00000006c4a00000, 0x00000006c4a00000, 0x00000006c4b00000|  0%| F|  |TAMS 0x00000006c4a00000, 0x00000006c4a00000| Untracked 
|  75|0x00000006c4b00000, 0x00000006c4b00000, 0x00000006c4c00000|  0%| F|  |TAMS 0x00000006c4b00000, 0x00000006c4b00000| Untracked 
|  76|0x00000006c4c00000, 0x00000006c4c00000, 0x00000006c4d00000|  0%| F|  |TAMS 0x00000006c4c00000, 0x00000006c4c00000| Untracked 
|  77|0x00000006c4d00000, 0x00000006c4d00000, 0x00000006c4e00000|  0%| F|  |TAMS 0x00000006c4d00000, 0x00000006c4d00000| Untracked 
|  78|0x00000006c4e00000, 0x00000006c4e00000, 0x00000006c4f00000|  0%| F|  |TAMS 0x00000006c4e00000, 0x00000006c4e00000| Untracked 
|  79|0x00000006c4f00000, 0x00000006c4f00000, 0x00000006c5000000|  0%| F|  |TAMS 0x00000006c4f00000, 0x00000006c4f00000| Untracked 
|  80|0x00000006c5000000, 0x00000006c5000000, 0x00000006c5100000|  0%| F|  |TAMS 0x00000006c5000000, 0x00000006c5000000| Untracked 
|  81|0x00000006c5100000, 0x00000006c5100000, 0x00000006c5200000|  0%| F|  |TAMS 0x00000006c5100000, 0x00000006c5100000| Untracked 
|  82|0x00000006c5200000, 0x00000006c5200000, 0x00000006c5300000|  0%| F|  |TAMS 0x00000006c5200000, 0x00000006c5200000| Untracked 
|  83|0x00000006c5300000, 0x00000006c5300000, 0x00000006c5400000|  0%| F|  |TAMS 0x00000006c5300000, 0x00000006c5300000| Untracked 
|  84|0x00000006c5400000, 0x00000006c5400000, 0x00000006c5500000|  0%| F|  |TAMS 0x00000006c5400000, 0x00000006c5400000| Untracked 
|  85|0x00000006c5500000, 0x00000006c5500000, 0x00000006c5600000|  0%| F|  |TAMS 0x00000006c5500000, 0x00000006c5500000| Untracked 
|  86|0x00000006c5600000, 0x00000006c5600000, 0x00000006c5700000|  0%| F|  |TAMS 0x00000006c5600000, 0x00000006c5600000| Untracked 
|  87|0x00000006c5700000, 0x00000006c5700000, 0x00000006c5800000|  0%| F|  |TAMS 0x00000006c5700000, 0x00000006c5700000| Untracked 
|  88|0x00000006c5800000, 0x00000006c5800000, 0x00000006c5900000|  0%| F|  |TAMS 0x00000006c5800000, 0x00000006c5800000| Untracked 
|  89|0x00000006c5900000, 0x00000006c5900000, 0x00000006c5a00000|  0%| F|  |TAMS 0x00000006c5900000, 0x00000006c5900000| Untracked 
|  90|0x00000006c5a00000, 0x00000006c5a00000, 0x00000006c5b00000|  0%| F|  |TAMS 0x00000006c5a00000, 0x00000006c5a00000| Untracked 
|  91|0x00000006c5b00000, 0x00000006c5b00000, 0x00000006c5c00000|  0%| F|  |TAMS 0x00000006c5b00000, 0x00000006c5b00000| Untracked 
|  92|0x00000006c5c00000, 0x00000006c5c00000, 0x00000006c5d00000|  0%| F|  |TAMS 0x00000006c5c00000, 0x00000006c5c00000| Untracked 
|  93|0x00000006c5d00000, 0x00000006c5d00000, 0x00000006c5e00000|  0%| F|  |TAMS 0x00000006c5d00000, 0x00000006c5d00000| Untracked 
|  94|0x00000006c5e00000, 0x00000006c5e00000, 0x00000006c5f00000|  0%| F|  |TAMS 0x00000006c5e00000, 0x00000006c5e00000| Untracked 
|  95|0x00000006c5f00000, 0x00000006c5f00000, 0x00000006c6000000|  0%| F|  |TAMS 0x00000006c5f00000, 0x00000006c5f00000| Untracked 
|  96|0x00000006c6000000, 0x00000006c6000000, 0x00000006c6100000|  0%| F|  |TAMS 0x00000006c6000000, 0x00000006c6000000| Untracked 
|  97|0x00000006c6100000, 0x00000006c6100000, 0x00000006c6200000|  0%| F|  |TAMS 0x00000006c6100000, 0x00000006c6100000| Untracked 
|  98|0x00000006c6200000, 0x00000006c6200000, 0x00000006c6300000|  0%| F|  |TAMS 0x00000006c6200000, 0x00000006c6200000| Untracked 
|  99|0x00000006c6300000, 0x00000006c6300000, 0x00000006c6400000|  0%| F|  |TAMS 0x00000006c6300000, 0x00000006c6300000| Untracked 
| 100|0x00000006c6400000, 0x00000006c6400000, 0x00000006c6500000|  0%| F|  |TAMS 0x00000006c6400000, 0x00000006c6400000| Untracked 
| 101|0x00000006c6500000, 0x00000006c6500000, 0x00000006c6600000|  0%| F|  |TAMS 0x00000006c6500000, 0x00000006c6500000| Untracked 
| 102|0x00000006c6600000, 0x00000006c6600000, 0x00000006c6700000|  0%| F|  |TAMS 0x00000006c6600000, 0x00000006c6600000| Untracked 
| 103|0x00000006c6700000, 0x00000006c6700000, 0x00000006c6800000|  0%| F|  |TAMS 0x00000006c6700000, 0x00000006c6700000| Untracked 
| 104|0x00000006c6800000, 0x00000006c6800000, 0x00000006c6900000|  0%| F|  |TAMS 0x00000006c6800000, 0x00000006c6800000| Untracked 
| 105|0x00000006c6900000, 0x00000006c6900000, 0x00000006c6a00000|  0%| F|  |TAMS 0x00000006c6900000, 0x00000006c6900000| Untracked 
| 106|0x00000006c6a00000, 0x00000006c6a00000, 0x00000006c6b00000|  0%| F|  |TAMS 0x00000006c6a00000, 0x00000006c6a00000| Untracked 
| 107|0x00000006c6b00000, 0x00000006c6b00000, 0x00000006c6c00000|  0%| F|  |TAMS 0x00000006c6b00000, 0x00000006c6b00000| Untracked 
| 108|0x00000006c6c00000, 0x00000006c6c00000, 0x00000006c6d00000|  0%| F|  |TAMS 0x00000006c6c00000, 0x00000006c6c00000| Untracked 
| 109|0x00000006c6d00000, 0x00000006c6d00000, 0x00000006c6e00000|  0%| F|  |TAMS 0x00000006c6d00000, 0x00000006c6d00000| Untracked 
| 110|0x00000006c6e00000, 0x00000006c6e00000, 0x00000006c6f00000|  0%| F|  |TAMS 0x00000006c6e00000, 0x00000006c6e00000| Untracked 
| 111|0x00000006c6f00000, 0x00000006c6f00000, 0x00000006c7000000|  0%| F|  |TAMS 0x00000006c6f00000, 0x00000006c6f00000| Untracked 
| 112|0x00000006c7000000, 0x00000006c7000000, 0x00000006c7100000|  0%| F|  |TAMS 0x00000006c7000000, 0x00000006c7000000| Untracked 
| 113|0x00000006c7100000, 0x00000006c7100000, 0x00000006c7200000|  0%| F|  |TAMS 0x00000006c7100000, 0x00000006c7100000| Untracked 
| 114|0x00000006c7200000, 0x00000006c7200000, 0x00000006c7300000|  0%| F|  |TAMS 0x00000006c7200000, 0x00000006c7200000| Untracked 
| 115|0x00000006c7300000, 0x00000006c7300000, 0x00000006c7400000|  0%| F|  |TAMS 0x00000006c7300000, 0x00000006c7300000| Untracked 
| 116|0x00000006c7400000, 0x00000006c7400000, 0x00000006c7500000|  0%| F|  |TAMS 0x00000006c7400000, 0x00000006c7400000| Untracked 
| 117|0x00000006c7500000, 0x00000006c7500000, 0x00000006c7600000|  0%| F|  |TAMS 0x00000006c7500000, 0x00000006c7500000| Untracked 
| 118|0x00000006c7600000, 0x00000006c7600000, 0x00000006c7700000|  0%| F|  |TAMS 0x00000006c7600000, 0x00000006c7600000| Untracked 
| 119|0x00000006c7700000, 0x00000006c7700000, 0x00000006c7800000|  0%| F|  |TAMS 0x00000006c7700000, 0x00000006c7700000| Untracked 
| 120|0x00000006c7800000, 0x00000006c7800000, 0x00000006c7900000|  0%| F|  |TAMS 0x00000006c7800000, 0x00000006c7800000| Untracked 
| 121|0x00000006c7900000, 0x00000006c7900000, 0x00000006c7a00000|  0%| F|  |TAMS 0x00000006c7900000, 0x00000006c7900000| Untracked 
| 122|0x00000006c7a00000, 0x00000006c7a00000, 0x00000006c7b00000|  0%| F|  |TAMS 0x00000006c7a00000, 0x00000006c7a00000| Untracked 
| 123|0x00000006c7b00000, 0x00000006c7b00000, 0x00000006c7c00000|  0%| F|  |TAMS 0x00000006c7b00000, 0x00000006c7b00000| Untracked 
| 124|0x00000006c7c00000, 0x00000006c7c00000, 0x00000006c7d00000|  0%| F|  |TAMS 0x00000006c7c00000, 0x00000006c7c00000| Untracked 
| 125|0x00000006c7d00000, 0x00000006c7d00000, 0x00000006c7e00000|  0%| F|  |TAMS 0x00000006c7d00000, 0x00000006c7d00000| Untracked 
| 126|0x00000006c7e00000, 0x00000006c7e00000, 0x00000006c7f00000|  0%| F|  |TAMS 0x00000006c7e00000, 0x00000006c7e00000| Untracked 
| 127|0x00000006c7f00000, 0x00000006c7f00000, 0x00000006c8000000|  0%| F|  |TAMS 0x00000006c7f00000, 0x00000006c7f00000| Untracked 
| 128|0x00000006c8000000, 0x00000006c8000000, 0x00000006c8100000|  0%| F|  |TAMS 0x00000006c8000000, 0x00000006c8000000| Untracked 
| 129|0x00000006c8100000, 0x00000006c8100000, 0x00000006c8200000|  0%| F|  |TAMS 0x00000006c8100000, 0x00000006c8100000| Untracked 
| 130|0x00000006c8200000, 0x00000006c8200000, 0x00000006c8300000|  0%| F|  |TAMS 0x00000006c8200000, 0x00000006c8200000| Untracked 
| 131|0x00000006c8300000, 0x00000006c8300000, 0x00000006c8400000|  0%| F|  |TAMS 0x00000006c8300000, 0x00000006c8300000| Untracked 
| 132|0x00000006c8400000, 0x00000006c8400000, 0x00000006c8500000|  0%| F|  |TAMS 0x00000006c8400000, 0x00000006c8400000| Untracked 
| 133|0x00000006c8500000, 0x00000006c8500000, 0x00000006c8600000|  0%| F|  |TAMS 0x00000006c8500000, 0x00000006c8500000| Untracked 
| 134|0x00000006c8600000, 0x00000006c8600000, 0x00000006c8700000|  0%| F|  |TAMS 0x00000006c8600000, 0x00000006c8600000| Untracked 
| 135|0x00000006c8700000, 0x00000006c8700000, 0x00000006c8800000|  0%| F|  |TAMS 0x00000006c8700000, 0x00000006c8700000| Untracked 
| 136|0x00000006c8800000, 0x00000006c8800000, 0x00000006c8900000|  0%| F|  |TAMS 0x00000006c8800000, 0x00000006c8800000| Untracked 
| 137|0x00000006c8900000, 0x00000006c8900000, 0x00000006c8a00000|  0%| F|  |TAMS 0x00000006c8900000, 0x00000006c8900000| Untracked 
| 138|0x00000006c8a00000, 0x00000006c8a00000, 0x00000006c8b00000|  0%| F|  |TAMS 0x00000006c8a00000, 0x00000006c8a00000| Untracked 
| 139|0x00000006c8b00000, 0x00000006c8b00000, 0x00000006c8c00000|  0%| F|  |TAMS 0x00000006c8b00000, 0x00000006c8b00000| Untracked 
| 140|0x00000006c8c00000, 0x00000006c8c00000, 0x00000006c8d00000|  0%| F|  |TAMS 0x00000006c8c00000, 0x00000006c8c00000| Untracked 
| 141|0x00000006c8d00000, 0x00000006c8d00000, 0x00000006c8e00000|  0%| F|  |TAMS 0x00000006c8d00000, 0x00000006c8d00000| Untracked 
| 142|0x00000006c8e00000, 0x00000006c8e00000, 0x00000006c8f00000|  0%| F|  |TAMS 0x00000006c8e00000, 0x00000006c8e00000| Untracked 
| 143|0x00000006c8f00000, 0x00000006c8f00000, 0x00000006c9000000|  0%| F|  |TAMS 0x00000006c8f00000, 0x00000006c8f00000| Untracked 
| 144|0x00000006c9000000, 0x00000006c9000000, 0x00000006c9100000|  0%| F|  |TAMS 0x00000006c9000000, 0x00000006c9000000| Untracked 
| 145|0x00000006c9100000, 0x00000006c9100000, 0x00000006c9200000|  0%| F|  |TAMS 0x00000006c9100000, 0x00000006c9100000| Untracked 
| 146|0x00000006c9200000, 0x00000006c9200000, 0x00000006c9300000|  0%| F|  |TAMS 0x00000006c9200000, 0x00000006c9200000| Untracked 
| 147|0x00000006c9300000, 0x00000006c9300000, 0x00000006c9400000|  0%| F|  |TAMS 0x00000006c9300000, 0x00000006c9300000| Untracked 
| 148|0x00000006c9400000, 0x00000006c9400000, 0x00000006c9500000|  0%| F|  |TAMS 0x00000006c9400000, 0x00000006c9400000| Untracked 
| 149|0x00000006c9500000, 0x00000006c9500000, 0x00000006c9600000|  0%| F|  |TAMS 0x00000006c9500000, 0x00000006c9500000| Untracked 
| 150|0x00000006c9600000, 0x00000006c9600000, 0x00000006c9700000|  0%| F|  |TAMS 0x00000006c9600000, 0x00000006c9600000| Untracked 
| 151|0x00000006c9700000, 0x00000006c9700000, 0x00000006c9800000|  0%| F|  |TAMS 0x00000006c9700000, 0x00000006c9700000| Untracked 
| 152|0x00000006c9800000, 0x00000006c9800000, 0x00000006c9900000|  0%| F|  |TAMS 0x00000006c9800000, 0x00000006c9800000| Untracked 
| 153|0x00000006c9900000, 0x00000006c9900000, 0x00000006c9a00000|  0%| F|  |TAMS 0x00000006c9900000, 0x00000006c9900000| Untracked 
| 154|0x00000006c9a00000, 0x00000006c9a00000, 0x00000006c9b00000|  0%| F|  |TAMS 0x00000006c9a00000, 0x00000006c9a00000| Untracked 
| 155|0x00000006c9b00000, 0x00000006c9b00000, 0x00000006c9c00000|  0%| F|  |TAMS 0x00000006c9b00000, 0x00000006c9b00000| Untracked 
| 156|0x00000006c9c00000, 0x00000006c9c00000, 0x00000006c9d00000|  0%| F|  |TAMS 0x00000006c9c00000, 0x00000006c9c00000| Untracked 
| 157|0x00000006c9d00000, 0x00000006c9d00000, 0x00000006c9e00000|  0%| F|  |TAMS 0x00000006c9d00000, 0x00000006c9d00000| Untracked 
| 158|0x00000006c9e00000, 0x00000006c9e00000, 0x00000006c9f00000|  0%| F|  |TAMS 0x00000006c9e00000, 0x00000006c9e00000| Untracked 
| 159|0x00000006c9f00000, 0x00000006c9f00000, 0x00000006ca000000|  0%| F|  |TAMS 0x00000006c9f00000, 0x00000006c9f00000| Untracked 
| 160|0x00000006ca000000, 0x00000006ca000000, 0x00000006ca100000|  0%| F|  |TAMS 0x00000006ca000000, 0x00000006ca000000| Untracked 
| 161|0x00000006ca100000, 0x00000006ca100000, 0x00000006ca200000|  0%| F|  |TAMS 0x00000006ca100000, 0x00000006ca100000| Untracked 
| 162|0x00000006ca200000, 0x00000006ca200000, 0x00000006ca300000|  0%| F|  |TAMS 0x00000006ca200000, 0x00000006ca200000| Untracked 
| 163|0x00000006ca300000, 0x00000006ca300000, 0x00000006ca400000|  0%| F|  |TAMS 0x00000006ca300000, 0x00000006ca300000| Untracked 
| 164|0x00000006ca400000, 0x00000006ca400000, 0x00000006ca500000|  0%| F|  |TAMS 0x00000006ca400000, 0x00000006ca400000| Untracked 
| 165|0x00000006ca500000, 0x00000006ca500000, 0x00000006ca600000|  0%| F|  |TAMS 0x00000006ca500000, 0x00000006ca500000| Untracked 
| 166|0x00000006ca600000, 0x00000006ca600000, 0x00000006ca700000|  0%| F|  |TAMS 0x00000006ca600000, 0x00000006ca600000| Untracked 
| 167|0x00000006ca700000, 0x00000006ca700000, 0x00000006ca800000|  0%| F|  |TAMS 0x00000006ca700000, 0x00000006ca700000| Untracked 
| 168|0x00000006ca800000, 0x00000006ca800000, 0x00000006ca900000|  0%| F|  |TAMS 0x00000006ca800000, 0x00000006ca800000| Untracked 
| 169|0x00000006ca900000, 0x00000006ca900000, 0x00000006caa00000|  0%| F|  |TAMS 0x00000006ca900000, 0x00000006ca900000| Untracked 
| 170|0x00000006caa00000, 0x00000006caa00000, 0x00000006cab00000|  0%| F|  |TAMS 0x00000006caa00000, 0x00000006caa00000| Untracked 
| 171|0x00000006cab00000, 0x00000006cab00000, 0x00000006cac00000|  0%| F|  |TAMS 0x00000006cab00000, 0x00000006cab00000| Untracked 
| 172|0x00000006cac00000, 0x00000006cac00000, 0x00000006cad00000|  0%| F|  |TAMS 0x00000006cac00000, 0x00000006cac00000| Untracked 
| 173|0x00000006cad00000, 0x00000006cad00000, 0x00000006cae00000|  0%| F|  |TAMS 0x00000006cad00000, 0x00000006cad00000| Untracked 
| 174|0x00000006cae00000, 0x00000006cae00000, 0x00000006caf00000|  0%| F|  |TAMS 0x00000006cae00000, 0x00000006cae00000| Untracked 
| 175|0x00000006caf00000, 0x00000006caf00000, 0x00000006cb000000|  0%| F|  |TAMS 0x00000006caf00000, 0x00000006caf00000| Untracked 
| 176|0x00000006cb000000, 0x00000006cb000000, 0x00000006cb100000|  0%| F|  |TAMS 0x00000006cb000000, 0x00000006cb000000| Untracked 
| 177|0x00000006cb100000, 0x00000006cb100000, 0x00000006cb200000|  0%| F|  |TAMS 0x00000006cb100000, 0x00000006cb100000| Untracked 
| 178|0x00000006cb200000, 0x00000006cb200000, 0x00000006cb300000|  0%| F|  |TAMS 0x00000006cb200000, 0x00000006cb200000| Untracked 
| 179|0x00000006cb300000, 0x00000006cb300000, 0x00000006cb400000|  0%| F|  |TAMS 0x00000006cb300000, 0x00000006cb300000| Untracked 
| 180|0x00000006cb400000, 0x00000006cb400000, 0x00000006cb500000|  0%| F|  |TAMS 0x00000006cb400000, 0x00000006cb400000| Untracked 
| 181|0x00000006cb500000, 0x00000006cb500000, 0x00000006cb600000|  0%| F|  |TAMS 0x00000006cb500000, 0x00000006cb500000| Untracked 
| 182|0x00000006cb600000, 0x00000006cb600000, 0x00000006cb700000|  0%| F|  |TAMS 0x00000006cb600000, 0x00000006cb600000| Untracked 
| 183|0x00000006cb700000, 0x00000006cb700000, 0x00000006cb800000|  0%| F|  |TAMS 0x00000006cb700000, 0x00000006cb700000| Untracked 
| 184|0x00000006cb800000, 0x00000006cb800000, 0x00000006cb900000|  0%| F|  |TAMS 0x00000006cb800000, 0x00000006cb800000| Untracked 
| 185|0x00000006cb900000, 0x00000006cb900000, 0x00000006cba00000|  0%| F|  |TAMS 0x00000006cb900000, 0x00000006cb900000| Untracked 
| 186|0x00000006cba00000, 0x00000006cba00000, 0x00000006cbb00000|  0%| F|  |TAMS 0x00000006cba00000, 0x00000006cba00000| Untracked 
| 187|0x00000006cbb00000, 0x00000006cbb00000, 0x00000006cbc00000|  0%| F|  |TAMS 0x00000006cbb00000, 0x00000006cbb00000| Untracked 
| 188|0x00000006cbc00000, 0x00000006cbc00000, 0x00000006cbd00000|  0%| F|  |TAMS 0x00000006cbc00000, 0x00000006cbc00000| Untracked 
| 189|0x00000006cbd00000, 0x00000006cbd00000, 0x00000006cbe00000|  0%| F|  |TAMS 0x00000006cbd00000, 0x00000006cbd00000| Untracked 
| 190|0x00000006cbe00000, 0x00000006cbe00000, 0x00000006cbf00000|  0%| F|  |TAMS 0x00000006cbe00000, 0x00000006cbe00000| Untracked 
| 191|0x00000006cbf00000, 0x00000006cbf00000, 0x00000006cc000000|  0%| F|  |TAMS 0x00000006cbf00000, 0x00000006cbf00000| Untracked 
| 192|0x00000006cc000000, 0x00000006cc000000, 0x00000006cc100000|  0%| F|  |TAMS 0x00000006cc000000, 0x00000006cc000000| Untracked 
| 193|0x00000006cc100000, 0x00000006cc100000, 0x00000006cc200000|  0%| F|  |TAMS 0x00000006cc100000, 0x00000006cc100000| Untracked 
| 194|0x00000006cc200000, 0x00000006cc200000, 0x00000006cc300000|  0%| F|  |TAMS 0x00000006cc200000, 0x00000006cc200000| Untracked 
| 195|0x00000006cc300000, 0x00000006cc300000, 0x00000006cc400000|  0%| F|  |TAMS 0x00000006cc300000, 0x00000006cc300000| Untracked 
| 196|0x00000006cc400000, 0x00000006cc400000, 0x00000006cc500000|  0%| F|  |TAMS 0x00000006cc400000, 0x00000006cc400000| Untracked 
| 197|0x00000006cc500000, 0x00000006cc500000, 0x00000006cc600000|  0%| F|  |TAMS 0x00000006cc500000, 0x00000006cc500000| Untracked 
| 198|0x00000006cc600000, 0x00000006cc600000, 0x00000006cc700000|  0%| F|  |TAMS 0x00000006cc600000, 0x00000006cc600000| Untracked 
| 199|0x00000006cc700000, 0x00000006cc700000, 0x00000006cc800000|  0%| F|  |TAMS 0x00000006cc700000, 0x00000006cc700000| Untracked 
| 200|0x00000006cc800000, 0x00000006cc800000, 0x00000006cc900000|  0%| F|  |TAMS 0x00000006cc800000, 0x00000006cc800000| Untracked 
| 201|0x00000006cc900000, 0x00000006cc900000, 0x00000006cca00000|  0%| F|  |TAMS 0x00000006cc900000, 0x00000006cc900000| Untracked 
| 202|0x00000006cca00000, 0x00000006cca00000, 0x00000006ccb00000|  0%| F|  |TAMS 0x00000006cca00000, 0x00000006cca00000| Untracked 
| 203|0x00000006ccb00000, 0x00000006ccb00000, 0x00000006ccc00000|  0%| F|  |TAMS 0x00000006ccb00000, 0x00000006ccb00000| Untracked 
| 204|0x00000006ccc00000, 0x00000006ccc00000, 0x00000006ccd00000|  0%| F|  |TAMS 0x00000006ccc00000, 0x00000006ccc00000| Untracked 
| 205|0x00000006ccd00000, 0x00000006ccd00000, 0x00000006cce00000|  0%| F|  |TAMS 0x00000006ccd00000, 0x00000006ccd00000| Untracked 
| 206|0x00000006cce00000, 0x00000006cce00000, 0x00000006ccf00000|  0%| F|  |TAMS 0x00000006cce00000, 0x00000006cce00000| Untracked 
| 207|0x00000006ccf00000, 0x00000006ccf00000, 0x00000006cd000000|  0%| F|  |TAMS 0x00000006ccf00000, 0x00000006ccf00000| Untracked 
| 208|0x00000006cd000000, 0x00000006cd000000, 0x00000006cd100000|  0%| F|  |TAMS 0x00000006cd000000, 0x00000006cd000000| Untracked 
| 209|0x00000006cd100000, 0x00000006cd100000, 0x00000006cd200000|  0%| F|  |TAMS 0x00000006cd100000, 0x00000006cd100000| Untracked 
| 210|0x00000006cd200000, 0x00000006cd200000, 0x00000006cd300000|  0%| F|  |TAMS 0x00000006cd200000, 0x00000006cd200000| Untracked 
| 211|0x00000006cd300000, 0x00000006cd300000, 0x00000006cd400000|  0%| F|  |TAMS 0x00000006cd300000, 0x00000006cd300000| Untracked 
| 212|0x00000006cd400000, 0x00000006cd400000, 0x00000006cd500000|  0%| F|  |TAMS 0x00000006cd400000, 0x00000006cd400000| Untracked 
| 213|0x00000006cd500000, 0x00000006cd500000, 0x00000006cd600000|  0%| F|  |TAMS 0x00000006cd500000, 0x00000006cd500000| Untracked 
| 214|0x00000006cd600000, 0x00000006cd600000, 0x00000006cd700000|  0%| F|  |TAMS 0x00000006cd600000, 0x00000006cd600000| Untracked 
| 215|0x00000006cd700000, 0x00000006cd700000, 0x00000006cd800000|  0%| F|  |TAMS 0x00000006cd700000, 0x00000006cd700000| Untracked 
| 216|0x00000006cd800000, 0x00000006cd800000, 0x00000006cd900000|  0%| F|  |TAMS 0x00000006cd800000, 0x00000006cd800000| Untracked 
| 217|0x00000006cd900000, 0x00000006cd900000, 0x00000006cda00000|  0%| F|  |TAMS 0x00000006cd900000, 0x00000006cd900000| Untracked 
| 218|0x00000006cda00000, 0x00000006cda00000, 0x00000006cdb00000|  0%| F|  |TAMS 0x00000006cda00000, 0x00000006cda00000| Untracked 
| 219|0x00000006cdb00000, 0x00000006cdb00000, 0x00000006cdc00000|  0%| F|  |TAMS 0x00000006cdb00000, 0x00000006cdb00000| Untracked 
| 220|0x00000006cdc00000, 0x00000006cdc00000, 0x00000006cdd00000|  0%| F|  |TAMS 0x00000006cdc00000, 0x00000006cdc00000| Untracked 
| 221|0x00000006cdd00000, 0x00000006cdd00000, 0x00000006cde00000|  0%| F|  |TAMS 0x00000006cdd00000, 0x00000006cdd00000| Untracked 
| 222|0x00000006cde00000, 0x00000006cde00000, 0x00000006cdf00000|  0%| F|  |TAMS 0x00000006cde00000, 0x00000006cde00000| Untracked 
| 223|0x00000006cdf00000, 0x00000006cdf00000, 0x00000006ce000000|  0%| F|  |TAMS 0x00000006cdf00000, 0x00000006cdf00000| Untracked 
| 224|0x00000006ce000000, 0x00000006ce000000, 0x00000006ce100000|  0%| F|  |TAMS 0x00000006ce000000, 0x00000006ce000000| Untracked 
| 225|0x00000006ce100000, 0x00000006ce100000, 0x00000006ce200000|  0%| F|  |TAMS 0x00000006ce100000, 0x00000006ce100000| Untracked 
| 226|0x00000006ce200000, 0x00000006ce200000, 0x00000006ce300000|  0%| F|  |TAMS 0x00000006ce200000, 0x00000006ce200000| Untracked 
| 227|0x00000006ce300000, 0x00000006ce300000, 0x00000006ce400000|  0%| F|  |TAMS 0x00000006ce300000, 0x00000006ce300000| Untracked 
| 228|0x00000006ce400000, 0x00000006ce400000, 0x00000006ce500000|  0%| F|  |TAMS 0x00000006ce400000, 0x00000006ce400000| Untracked 
| 229|0x00000006ce500000, 0x00000006ce500000, 0x00000006ce600000|  0%| F|  |TAMS 0x00000006ce500000, 0x00000006ce500000| Untracked 
| 230|0x00000006ce600000, 0x00000006ce600000, 0x00000006ce700000|  0%| F|  |TAMS 0x00000006ce600000, 0x00000006ce600000| Untracked 
| 231|0x00000006ce700000, 0x00000006ce700000, 0x00000006ce800000|  0%| F|  |TAMS 0x00000006ce700000, 0x00000006ce700000| Untracked 
| 232|0x00000006ce800000, 0x00000006ce800000, 0x00000006ce900000|  0%| F|  |TAMS 0x00000006ce800000, 0x00000006ce800000| Untracked 
| 233|0x00000006ce900000, 0x00000006ce900000, 0x00000006cea00000|  0%| F|  |TAMS 0x00000006ce900000, 0x00000006ce900000| Untracked 
| 234|0x00000006cea00000, 0x00000006cea00000, 0x00000006ceb00000|  0%| F|  |TAMS 0x00000006cea00000, 0x00000006cea00000| Untracked 
| 235|0x00000006ceb00000, 0x00000006cebf68d0, 0x00000006cec00000| 96%| E|  |TAMS 0x00000006ceb00000, 0x00000006ceb00000| Complete 
| 236|0x00000006cec00000, 0x00000006ced00000, 0x00000006ced00000|100%| E|CS|TAMS 0x00000006cec00000, 0x00000006cec00000| Complete 
| 237|0x00000006ced00000, 0x00000006cee00000, 0x00000006cee00000|100%| E|CS|TAMS 0x00000006ced00000, 0x00000006ced00000| Complete 
| 238|0x00000006cee00000, 0x00000006cef00000, 0x00000006cef00000|100%| E|CS|TAMS 0x00000006cee00000, 0x00000006cee00000| Complete 
| 239|0x00000006cef00000, 0x00000006cf000000, 0x00000006cf000000|100%| E|CS|TAMS 0x00000006cef00000, 0x00000006cef00000| Complete 
| 240|0x00000006cf000000, 0x00000006cf100000, 0x00000006cf100000|100%| E|CS|TAMS 0x00000006cf000000, 0x00000006cf000000| Complete 
| 241|0x00000006cf100000, 0x00000006cf200000, 0x00000006cf200000|100%| E|CS|TAMS 0x00000006cf100000, 0x00000006cf100000| Complete 
| 242|0x00000006cf200000, 0x00000006cf300000, 0x00000006cf300000|100%| E|CS|TAMS 0x00000006cf200000, 0x00000006cf200000| Complete 
| 243|0x00000006cf300000, 0x00000006cf400000, 0x00000006cf400000|100%| E|CS|TAMS 0x00000006cf300000, 0x00000006cf300000| Complete 
| 244|0x00000006cf400000, 0x00000006cf500000, 0x00000006cf500000|100%| E|CS|TAMS 0x00000006cf400000, 0x00000006cf400000| Complete 
| 245|0x00000006cf500000, 0x00000006cf600000, 0x00000006cf600000|100%| E|CS|TAMS 0x00000006cf500000, 0x00000006cf500000| Complete 
| 246|0x00000006cf600000, 0x00000006cf700000, 0x00000006cf700000|100%| E|CS|TAMS 0x00000006cf600000, 0x00000006cf600000| Complete 
| 247|0x00000006cf700000, 0x00000006cf800000, 0x00000006cf800000|100%| E|CS|TAMS 0x00000006cf700000, 0x00000006cf700000| Complete 
| 248|0x00000006cf800000, 0x00000006cf900000, 0x00000006cf900000|100%| E|CS|TAMS 0x00000006cf800000, 0x00000006cf800000| Complete 
| 249|0x00000006cf900000, 0x00000006cfa00000, 0x00000006cfa00000|100%| E|CS|TAMS 0x00000006cf900000, 0x00000006cf900000| Complete 
| 250|0x00000006cfa00000, 0x00000006cfb00000, 0x00000006cfb00000|100%| E|CS|TAMS 0x00000006cfa00000, 0x00000006cfa00000| Complete 
| 251|0x00000006cfb00000, 0x00000006cfc00000, 0x00000006cfc00000|100%| E|CS|TAMS 0x00000006cfb00000, 0x00000006cfb00000| Complete 
| 252|0x00000006cfc00000, 0x00000006cfd00000, 0x00000006cfd00000|100%| E|CS|TAMS 0x00000006cfc00000, 0x00000006cfc00000| Complete 
| 253|0x00000006cfd00000, 0x00000006cfe00000, 0x00000006cfe00000|100%| E|CS|TAMS 0x00000006cfd00000, 0x00000006cfd00000| Complete 
| 254|0x00000006cfe00000, 0x00000006cff00000, 0x00000006cff00000|100%| E|CS|TAMS 0x00000006cfe00000, 0x00000006cfe00000| Complete 
| 255|0x00000006cff00000, 0x00000006d0000000, 0x00000006d0000000|100%| E|CS|TAMS 0x00000006cff00000, 0x00000006cff00000| Complete 

Card table byte_map: [0x0000000119c20000,0x000000011a420000] _byte_map_base: 0x0000000116620000

Marking Bits (Prev, Next): (CMBitMap*) 0x000000014a923818, (CMBitMap*) 0x000000014a923850
 Prev Bits: [0x000000011ac20000, 0x000000011ec20000)
 Next Bits: [0x000000012a800000, 0x000000012e800000)

Polling page: 0x00000001000e8000

Metaspace:

Usage:
  Non-class:     10.16 MB capacity,    10.04 MB ( 99%) used,    96.70 KB ( <1%) free+waste,    19.75 KB ( <1%) overhead. 
      Class:      1.14 MB capacity,     1.04 MB ( 91%) used,    92.80 KB (  8%) free+waste,     9.56 KB ( <1%) overhead. 
       Both:     11.29 MB capacity,    11.08 MB ( 98%) used,   189.50 KB (  2%) free+waste,    29.31 KB ( <1%) overhead. 

Virtual space:
  Non-class space:       12.00 MB reserved,      10.25 MB ( 85%) committed 
      Class space:        1.00 GB reserved,       1.25 MB ( <1%) committed 
             Both:        1.01 GB reserved,      11.50 MB (  1%) committed 

Chunk freelists:
   Non-Class:  33.00 KB
       Class:  0 bytes
        Both:  33.00 KB

MaxMetaspaceSize: unlimited
CompressedClassSpaceSize: 1.00 GB
Initial GC threshold: 20.80 MB
Current GC threshold: 20.80 MB
CDS: off

CodeHeap 'non-profiled nmethods': size=120032Kb used=411Kb max_used=411Kb free=119620Kb
 bounds [0x0000000111dfc000, 0x000000011206c000, 0x0000000119334000]
CodeHeap 'profiled nmethods': size=120016Kb used=2627Kb max_used=2627Kb free=117389Kb
 bounds [0x000000010a8c8000, 0x000000010ab68000, 0x0000000111dfc000]
CodeHeap 'non-nmethods': size=5712Kb used=1103Kb max_used=1137Kb free=4609Kb
 bounds [0x000000010a334000, 0x000000010a5a4000, 0x000000010a8c8000]
 total_blobs=1447 nmethods=1063 adapters=300
 compilation: enabled
              stopped_count=0, restarted_count=0
 full_count=0

Compilation events (20 events):
Event: 0.787 Thread 0x000000014aa45000 nmethod 1012 0x000000010ab43110 code [0x000000010ab432c0, 0x000000010ab43450]
Event: 0.787 Thread 0x000000014aa45000 1013       2       java.nio.MappedByteBuffer::limit (6 bytes)
Event: 0.787 Thread 0x000000014aa45000 nmethod 1013 0x000000010ab43510 code [0x000000010ab436c0, 0x000000010ab43880]
Event: 0.788 Thread 0x000000012a008800 nmethod 948 0x0000000111e56190 code [0x0000000111e56440, 0x0000000111e57460]
Event: 0.788 Thread 0x000000012a008800  957       4       java.util.HashMap::getNode (148 bytes)
Event: 0.788 Thread 0x000000014aa45000 1015       2       java.lang.StringLatin1::regionMatchesCI (92 bytes)
Event: 0.788 Thread 0x000000014aa45000 nmethod 1015 0x000000010ab43990 code [0x000000010ab43c00, 0x000000010ab44190]
Event: 0.788 Thread 0x000000014aa45000 1014       1       java.net.URL::getProtocol (5 bytes)
Event: 0.788 Thread 0x000000014aa45000 nmethod 1014 0x0000000111e58590 code [0x0000000111e58740, 0x0000000111e58890]
Event: 0.788 Thread 0x000000014aa45000 1016       2       java.lang.Character::toUpperCaseEx (30 bytes)
Event: 0.788 Thread 0x000000014aa45000 nmethod 1016 0x000000010ab44790 code [0x000000010ab44940, 0x000000010ab44b30]
Event: 0.788 Thread 0x000000014aa45000 1017       2       java.lang.CharacterDataLatin1::toUpperCaseEx (71 bytes)
Event: 0.788 Thread 0x000000014aa45000 nmethod 1017 0x000000010ab44c10 code [0x000000010ab44dc0, 0x000000010ab44fd0]
Event: 0.788 Thread 0x000000014aa45000 1018       2       java.util.Properties::loadConvert (524 bytes)
Event: 0.789 Thread 0x000000012a008800 nmethod 957 0x0000000111e58910 code [0x0000000111e58b00, 0x0000000111e58dc0]
Event: 0.789 Thread 0x000000012a008800  929       4       java.util.Collections$UnmodifiableCollection$1::hasNext (10 bytes)
Event: 0.789 Thread 0x000000014aa45000 nmethod 1018 0x000000010ab45190 code [0x000000010ab45440, 0x000000010ab45e70]
Event: 0.789 Thread 0x000000014aa45000 1019 %     3       java.util.Properties$LineReader::readLine @ 53 (635 bytes)
Event: 0.789 Thread 0x000000012a008800 nmethod 929 0x0000000111e59210 code [0x0000000111e593c0, 0x0000000111e59510]
Event: 0.789 Thread 0x000000012a008800  933       4       java.util.Collections$UnmodifiableCollection$1::next (10 bytes)

GC Heap History (0 events):
No events

Deoptimization events (20 events):
Event: 0.774 Thread 0x0000000149809000 Uncommon trap: trap_request=0xffffffde fr.pc=0x0000000111e36a5c relative=0x00000000000000dc
Event: 0.774 Thread 0x0000000149809000 Uncommon trap: reason=class_check action=maybe_recompile pc=0x0000000111e36a5c method=java.util.Collections$UnmodifiableCollection$1.next()Ljava/lang/Object; @ 4 c2
Event: 0.774 Thread 0x0000000149809000 DEOPT PACKING pc=0x0000000111e36a5c sp=0x000000016fffdc90
Event: 0.774 Thread 0x0000000149809000 DEOPT UNPACKING pc=0x000000010a368d9c sp=0x000000016fffdc60 mode 2
Event: 0.774 Thread 0x0000000149809000 Uncommon trap: trap_request=0xffffffde fr.pc=0x0000000111e36a5c relative=0x00000000000000dc
Event: 0.774 Thread 0x0000000149809000 Uncommon trap: reason=class_check action=maybe_recompile pc=0x0000000111e36a5c method=java.util.Collections$UnmodifiableCollection$1.next()Ljava/lang/Object; @ 4 c2
Event: 0.774 Thread 0x0000000149809000 DEOPT PACKING pc=0x0000000111e36a5c sp=0x000000016fffdc90
Event: 0.774 Thread 0x0000000149809000 DEOPT UNPACKING pc=0x000000010a368d9c sp=0x000000016fffdc60 mode 2
Event: 0.783 Thread 0x0000000149809000 Uncommon trap: trap_request=0xffffff4d fr.pc=0x0000000111e3545c relative=0x000000000000049c
Event: 0.783 Thread 0x0000000149809000 Uncommon trap: reason=unstable_if action=reinterpret pc=0x0000000111e3545c method=java.lang.StringLatin1.replace([BCC)Ljava/lang/String; @ 19 c2
Event: 0.783 Thread 0x0000000149809000 DEOPT PACKING pc=0x0000000111e3545c sp=0x000000016fffe900
Event: 0.783 Thread 0x0000000149809000 DEOPT UNPACKING pc=0x000000010a368d9c sp=0x000000016fffe870 mode 2
Event: 0.784 Thread 0x0000000149809000 Uncommon trap: trap_request=0xffffff4d fr.pc=0x0000000111e3f158 relative=0x0000000000000118
Event: 0.784 Thread 0x0000000149809000 Uncommon trap: reason=unstable_if action=reinterpret pc=0x0000000111e3f158 method=java.util.ArrayDeque.pollFirst()Ljava/lang/Object; @ 17 c2
Event: 0.784 Thread 0x0000000149809000 DEOPT PACKING pc=0x0000000111e3f158 sp=0x000000016fffc0d0
Event: 0.784 Thread 0x0000000149809000 DEOPT UNPACKING pc=0x000000010a368d9c sp=0x000000016fffc010 mode 2
Event: 0.787 Thread 0x0000000149809000 Uncommon trap: trap_request=0xffffff4d fr.pc=0x0000000111e3ebd8 relative=0x0000000000000118
Event: 0.787 Thread 0x0000000149809000 Uncommon trap: reason=unstable_if action=reinterpret pc=0x0000000111e3ebd8 method=java.util.ArrayDeque.pollFirst()Ljava/lang/Object; @ 17 c2
Event: 0.787 Thread 0x0000000149809000 DEOPT PACKING pc=0x0000000111e3ebd8 sp=0x000000016fffcbd0
Event: 0.787 Thread 0x0000000149809000 DEOPT UNPACKING pc=0x000000010a368d9c sp=0x000000016fffcb70 mode 2

Classes redefined (9 events):
Event: 0.694 Thread 0x000000014aa36800 redefined class name=java.io.FileInputStream, count=1
Event: 0.704 Thread 0x000000014aa36800 redefined class name=java.io.FileOutputStream, count=1
Event: 0.713 Thread 0x000000014aa36800 redefined class name=java.io.RandomAccessFile, count=1
Event: 0.722 Thread 0x000000014aa36800 redefined class name=sun.nio.ch.FileChannelImpl, count=1
Event: 0.731 Thread 0x000000014aa36800 redefined class name=java.net.SocketInputStream, count=2
Event: 0.740 Thread 0x000000014aa36800 redefined class name=java.net.SocketOutputStream, count=2
Event: 0.749 Thread 0x000000014aa36800 redefined class name=sun.nio.ch.SocketChannelImpl, count=1
Event: 0.758 Thread 0x000000014aa36800 redefined class name=java.lang.Throwable, count=1
Event: 0.767 Thread 0x000000014aa36800 redefined class name=java.lang.Error, count=2

Internal exceptions (20 events):
Event: 0.587 Thread 0x0000000149809000 Exception <a 'java/lang/NoSuchMethodError'{0x00000006cfceeeb0}: 'void java.lang.invoke.DirectMethodHandle$Holder.invokeStaticInit(java.lang.Object)'> (0x00000006cfceeeb0) thrown at [src/hotspot/share/interpreter/linkResolver.cpp, line 773]
Event: 0.631 Thread 0x0000000149809000 Exception <a 'java/lang/ClassNotFoundException'{0x00000006cf795708}: jdk/jfr/internal/handlers/EventHandler1732_1713007005392-10062> (0x00000006cf795708) thrown at [src/hotspot/share/classfile/systemDictionary.cpp, line 230]
Event: 0.632 Thread 0x0000000149809000 Exception <a 'java/lang/ClassNotFoundException'{0x00000006cf7bc170}: jdk/jfr/internal/handlers/EventHandler1734_1713007005392-10062> (0x00000006cf7bc170) thrown at [src/hotspot/share/classfile/systemDictionary.cpp, line 230]
Event: 0.633 Thread 0x0000000149809000 Exception <a 'java/lang/ClassNotFoundException'{0x00000006cf7cb318}: jdk/jfr/internal/handlers/EventHandler1736_1713007005392-10062> (0x00000006cf7cb318) thrown at [src/hotspot/share/classfile/systemDictionary.cpp, line 230]
Event: 0.634 Thread 0x0000000149809000 Exception <a 'java/lang/ClassNotFoundException'{0x00000006cf7dd3e0}: jdk/jfr/internal/handlers/EventHandler1738_1713007005392-10062> (0x00000006cf7dd3e0) thrown at [src/hotspot/share/classfile/systemDictionary.cpp, line 230]
Event: 0.634 Thread 0x0000000149809000 Exception <a 'java/lang/ClassNotFoundException'{0x00000006cf7f1310}: jdk/jfr/internal/handlers/EventHandler1740_1713007005392-10062> (0x00000006cf7f1310) thrown at [src/hotspot/share/classfile/systemDictionary.cpp, line 230]
Event: 0.635 Thread 0x0000000149809000 Exception <a 'java/lang/ClassNotFoundException'{0x00000006cf600000}: jdk/jfr/internal/handlers/EventHandler1742_1713007005392-10062> (0x00000006cf600000) thrown at [src/hotspot/share/classfile/systemDictionary.cpp, line 230]
Event: 0.635 Thread 0x0000000149809000 Exception <a 'java/lang/ClassNotFoundException'{0x00000006cf60d3a8}: jdk/jfr/internal/handlers/EventHandler1744_1713007005392-10062> (0x00000006cf60d3a8) thrown at [src/hotspot/share/classfile/systemDictionary.cpp, line 230]
Event: 0.635 Thread 0x0000000149809000 Exception <a 'java/lang/ClassNotFoundException'{0x00000006cf6192c8}: jdk/jfr/internal/handlers/EventHandler1746_1713007005392-10062> (0x00000006cf6192c8) thrown at [src/hotspot/share/classfile/systemDictionary.cpp, line 230]
Event: 0.636 Thread 0x0000000149809000 Exception <a 'java/lang/ClassNotFoundException'{0x00000006cf626e18}: jdk/jfr/internal/handlers/EventHandler1748_1713007005392-10062> (0x00000006cf626e18) thrown at [src/hotspot/share/classfile/systemDictionary.cpp, line 230]
Event: 0.637 Thread 0x0000000149809000 Exception <a 'java/lang/ClassNotFoundException'{0x00000006cf648170}: jdk/jfr/internal/handlers/EventHandler1750_1713007005392-10062> (0x00000006cf648170) thrown at [src/hotspot/share/classfile/systemDictionary.cpp, line 230]
Event: 0.638 Thread 0x0000000149809000 Exception <a 'java/lang/ClassNotFoundException'{0x00000006cf65f0d0}: jdk/jfr/internal/handlers/EventHandler1752_1713007005392-10062> (0x00000006cf65f0d0) thrown at [src/hotspot/share/classfile/systemDictionary.cpp, line 230]
Event: 0.638 Thread 0x0000000149809000 Exception <a 'java/lang/ClassNotFoundException'{0x00000006cf671258}: jdk/jfr/internal/handlers/EventHandler1754_1713007005392-10062> (0x00000006cf671258) thrown at [src/hotspot/share/classfile/systemDictionary.cpp, line 230]
Event: 0.639 Thread 0x0000000149809000 Exception <a 'java/lang/ClassNotFoundException'{0x00000006cf680b78}: jdk/jfr/internal/handlers/EventHandler1756_1713007005392-10062> (0x00000006cf680b78) thrown at [src/hotspot/share/classfile/systemDictionary.cpp, line 230]
Event: 0.642 Thread 0x0000000149809000 Exception <a 'java/lang/ClassNotFoundException'{0x00000006cf6a6f28}: jdk/jfr/internal/handlers/EventHandler1758_1713007005392-10062> (0x00000006cf6a6f28) thrown at [src/hotspot/share/classfile/systemDictionary.cpp, line 230]
Event: 0.643 Thread 0x0000000149809000 Exception <a 'java/lang/ClassNotFoundException'{0x00000006cf6be400}: jdk/jfr/internal/handlers/EventHandler1760_1713007005392-10062> (0x00000006cf6be400) thrown at [src/hotspot/share/classfile/systemDictionary.cpp, line 230]
Event: 0.644 Thread 0x0000000149809000 Exception <a 'java/lang/ClassNotFoundException'{0x00000006cf6da098}: jdk/jfr/internal/handlers/EventHandler1762_1713007005392-10062> (0x00000006cf6da098) thrown at [src/hotspot/share/classfile/systemDictionary.cpp, line 230]
Event: 0.768 Thread 0x0000000149809000 Exception <a 'java/lang/NoSuchMethodError'{0x00000006cefca838}: 'void java.lang.invoke.DirectMethodHandle$Holder.invokeSpecial(java.lang.Object, java.lang.Object)'> (0x00000006cefca838) thrown at [src/hotspot/share/interpreter/linkResolver.cpp, line 773]
Event: 0.768 Thread 0x0000000149809000 Exception <a 'java/lang/NoSuchMethodError'{0x00000006cefd3798}: 'void java.lang.invoke.DirectMethodHandle$Holder.invokeStatic(java.lang.Object, java.lang.Object, int)'> (0x00000006cefd3798) thrown at [src/hotspot/share/interpreter/linkResolver.cpp, line 773]
Event: 0.769 Thread 0x0000000149809000 Exception <a 'java/lang/NoSuchMethodError'{0x00000006cefd9b80}: 'java.lang.Object java.lang.invoke.Invokers$Holder.linkToTargetMethod(java.lang.Object, int, java.lang.Object)'> (0x00000006cefd9b80) thrown at [src/hotspot/share/interpreter/linkResolver.cpp, line 773]

Events (20 events):
Event: 0.788 loading class sun/nio/fs/UnixFileKey
Event: 0.788 loading class sun/nio/fs/UnixFileKey done
Event: 0.788 loading class sun/net/www/protocol/jar/URLJarFile$URLJarFileEntry
Event: 0.788 loading class sun/net/www/protocol/jar/URLJarFile$URLJarFileEntry done
Event: 0.788 loading class sun/net/www/protocol/jar/JarURLConnection$JarURLInputStream
Event: 0.788 loading class sun/net/www/protocol/jar/JarURLConnection$JarURLInputStream done
Event: 0.788 loading class java/util/PropertyResourceBundle
Event: 0.788 loading class java/util/PropertyResourceBundle done
Event: 0.788 loading class sun/util/PropertyResourceBundleCharset
Event: 0.788 loading class sun/util/PropertyResourceBundleCharset done
Event: 0.788 loading class sun/util/PropertyResourceBundleCharset$PropertiesFileDecoder
Event: 0.788 loading class sun/util/PropertyResourceBundleCharset$PropertiesFileDecoder done
Event: 0.789 loading class java/util/ResourceBundle$BundleReference
Event: 0.789 loading class java/util/ResourceBundle$BundleReference done
Event: 0.789 loading class org/eclipse/paho/client/mqttv3/internal/nls/logcat_en
Event: 0.789 loading class org/eclipse/paho/client/mqttv3/internal/nls/logcat_en done
Event: 0.789 loading class org/eclipse/paho/client/mqttv3/internal/nls/logcat_en_KR
Event: 0.789 loading class org/eclipse/paho/client/mqttv3/internal/nls/logcat_en_KR done
Event: 0.790 loading class org/eclipse/paho/client/mqttv3/logging/JSR47Logger
Event: 0.790 loading class org/eclipse/paho/client/mqttv3/logging/JSR47Logger done


Dynamic libraries:
0x0000000100148000 	/Users/jo/Library/Java/JavaVirtualMachines/corretto-11.0.22/Contents/Home/lib/jli/libjli.dylib
0x00000001c8ac4000 	/System/Library/Frameworks/Cocoa.framework/Versions/A/Cocoa
0x00000001b48e8000 	/System/Library/Frameworks/AppKit.framework/Versions/C/AppKit
0x00000001b7290000 	/System/Library/Frameworks/CoreData.framework/Versions/A/CoreData
0x00000001b2549000 	/System/Library/Frameworks/Foundation.framework/Versions/C/Foundation
0x00000001bcc74000 	/usr/lib/libSystem.B.dylib
0x00000001b57f4000 	/System/Library/PrivateFrameworks/UIFoundation.framework/Versions/A/UIFoundation
0x000000021dd79000 	/System/Library/PrivateFrameworks/CollectionViewCore.framework/Versions/A/CollectionViewCore
0x00000001c2f30000 	/System/Library/PrivateFrameworks/RemoteViewServices.framework/Versions/A/RemoteViewServices
0x00000001bb096000 	/System/Library/PrivateFrameworks/XCTTargetBootstrap.framework/Versions/A/XCTTargetBootstrap
0x00000001bea0a000 	/System/Library/PrivateFrameworks/InternationalSupport.framework/Versions/A/InternationalSupport
0x00000001bea91000 	/System/Library/PrivateFrameworks/UserActivity.framework/Versions/A/UserActivity
0x0000000234f92000 	/System/Library/PrivateFrameworks/WindowManagement.framework/Versions/A/WindowManagement
0x00000001b2212000 	/System/Library/Frameworks/SystemConfiguration.framework/Versions/A/SystemConfiguration
0x00000001bdf0e000 	/usr/lib/libspindump.dylib
0x00000001b599a000 	/System/Library/Frameworks/UniformTypeIdentifiers.framework/Versions/A/UniformTypeIdentifiers
0x00000001b93a9000 	/usr/lib/libapp_launch_measurement.dylib
0x00000001b8857000 	/System/Library/PrivateFrameworks/CoreAnalytics.framework/Versions/A/CoreAnalytics
0x00000001b93b0000 	/System/Library/PrivateFrameworks/CoreAutoLayout.framework/Versions/A/CoreAutoLayout
0x00000001ba8a4000 	/System/Library/Frameworks/Metal.framework/Versions/A/Metal
0x00000001bb7f5000 	/usr/lib/liblangid.dylib
0x00000001bb09c000 	/System/Library/PrivateFrameworks/CoreSVG.framework/Versions/A/CoreSVG
0x00000001b62c2000 	/System/Library/PrivateFrameworks/SkyLight.framework/Versions/A/SkyLight
0x00000001b66da000 	/System/Library/Frameworks/CoreGraphics.framework/Versions/A/CoreGraphics
0x00000001c35fb000 	/System/Library/Frameworks/Accelerate.framework/Versions/A/Accelerate
0x00000001bd97c000 	/System/Library/PrivateFrameworks/IconServices.framework/Versions/A/IconServices
0x00000001ba884000 	/System/Library/Frameworks/IOSurface.framework/Versions/A/IOSurface
0x00000001b8885000 	/usr/lib/libDiagnosticMessagesClient.dylib
0x00000001bcbba000 	/usr/lib/libz.1.dylib
0x00000001c6897000 	/System/Library/Frameworks/ApplicationServices.framework/Versions/A/ApplicationServices
0x00000001bb07e000 	/System/Library/PrivateFrameworks/DFRFoundation.framework/Versions/A/DFRFoundation
0x00000001b4166000 	/usr/lib/libicucore.A.dylib
0x00000001bf99b000 	/System/Library/Frameworks/AudioToolbox.framework/Versions/A/AudioToolbox
0x00000001bea15000 	/System/Library/PrivateFrameworks/DataDetectorsCore.framework/Versions/A/DataDetectorsCore
0x00000001d5ba3000 	/System/Library/PrivateFrameworks/TextInput.framework/Versions/A/TextInput
0x00000001b6227000 	/usr/lib/libMobileGestalt.dylib
0x00000001bad4a000 	/System/Library/Frameworks/Carbon.framework/Versions/A/Frameworks/HIToolbox.framework/Versions/A/HIToolbox
0x00000001b8d30000 	/System/Library/Frameworks/QuartzCore.framework/Versions/A/QuartzCore
0x00000001b3dc1000 	/System/Library/Frameworks/Security.framework/Versions/A/Security
0x00000001c2f70000 	/System/Library/Frameworks/Carbon.framework/Versions/A/Frameworks/SpeechRecognition.framework/Versions/A/SpeechRecognition
0x00000001b90e8000 	/System/Library/PrivateFrameworks/CoreUI.framework/Versions/A/CoreUI
0x00000001b36b9000 	/System/Library/Frameworks/CoreAudio.framework/Versions/A/CoreAudio
0x00000001b8961000 	/System/Library/Frameworks/DiskArbitration.framework/Versions/A/DiskArbitration
0x00000001be342000 	/System/Library/PrivateFrameworks/MultitouchSupport.framework/Versions/A/MultitouchSupport
0x00000001b6225000 	/usr/lib/libenergytrace.dylib
0x00000001b47ab000 	/System/Library/Frameworks/IOKit.framework/Versions/A/IOKit
0x00000001c3357000 	/System/Library/Frameworks/CoreServices.framework/Versions/A/CoreServices
0x00000001b9336000 	/System/Library/PrivateFrameworks/PerformanceAnalysis.framework/Versions/A/PerformanceAnalysis
0x0000000200b03000 	/System/Library/Frameworks/OpenGL.framework/Versions/A/OpenGL
0x00000001b93fa000 	/usr/lib/libxml2.2.dylib
0x00000001bc1c9000 	/System/Library/PrivateFrameworks/MobileKeyBag.framework/Versions/A/MobileKeyBag
0x00000001b1248000 	/usr/lib/libobjc.A.dylib
0x00000001b14fe000 	/usr/lib/libc++.1.dylib
0x00000001b6d25000 	/System/Library/Frameworks/ColorSync.framework/Versions/A/ColorSync
0x00000001b161c000 	/System/Library/Frameworks/CoreFoundation.framework/Versions/A/CoreFoundation
0x00000001bb416000 	/System/Library/Frameworks/CoreImage.framework/Versions/A/CoreImage
0x00000001b34da000 	/System/Library/Frameworks/CoreText.framework/Versions/A/CoreText
0x00000001bb0d5000 	/System/Library/Frameworks/ImageIO.framework/Versions/A/ImageIO
0x00000001bcc7a000 	/System/Library/PrivateFrameworks/SoftLinking.framework/Versions/A/SoftLinking
0x00000001bcf0e000 	/usr/lib/libcompression.dylib
0x00000001be966000 	/System/Library/PrivateFrameworks/TextureIO.framework/Versions/A/TextureIO
0x00000001bd64e000 	/usr/lib/libate.dylib
0x00000001bcc6e000 	/usr/lib/system/libcache.dylib
0x00000001bcc27000 	/usr/lib/system/libcommonCrypto.dylib
0x00000001bcc55000 	/usr/lib/system/libcompiler_rt.dylib
0x00000001bcc4b000 	/usr/lib/system/libcopyfile.dylib
0x00000001b137c000 	/usr/lib/system/libcorecrypto.dylib
0x00000001b1432000 	/usr/lib/system/libdispatch.dylib
0x00000001b15c4000 	/usr/lib/system/libdyld.dylib
0x00000001bcc64000 	/usr/lib/system/libkeymgr.dylib
0x00000001bcc05000 	/usr/lib/system/libmacho.dylib
0x00000001bc2c3000 	/usr/lib/system/libquarantine.dylib
0x00000001bcc61000 	/usr/lib/system/libremovefile.dylib
0x00000001b628c000 	/usr/lib/system/libsystem_asl.dylib
0x00000001b1319000 	/usr/lib/system/libsystem_blocks.dylib
0x00000001b147d000 	/usr/lib/system/libsystem_c.dylib
0x00000001bcc59000 	/usr/lib/system/libsystem_collections.dylib
0x00000001bb7e3000 	/usr/lib/system/libsystem_configuration.dylib
0x00000001ba852000 	/usr/lib/system/libsystem_containermanager.dylib
0x00000001bc904000 	/usr/lib/system/libsystem_coreservices.dylib
0x00000001b441d000 	/usr/lib/system/libsystem_darwin.dylib
0x00000001bcc65000 	/usr/lib/system/libsystem_dnssd.dylib
0x00000001b147a000 	/usr/lib/system/libsystem_featureflags.dylib
0x00000001b15f0000 	/usr/lib/system/libsystem_info.dylib
0x00000001bcbcc000 	/usr/lib/system/libsystem_m.dylib
0x00000001b1406000 	/usr/lib/system/libsystem_malloc.dylib
0x00000001b620c000 	/usr/lib/system/libsystem_networkextension.dylib
0x00000001b4887000 	/usr/lib/system/libsystem_notify.dylib
0x00000001bb7e8000 	/usr/lib/system/libsystem_sandbox.dylib
0x00000001bcc5e000 	/usr/lib/system/libsystem_secinit.dylib
0x00000001b157d000 	/usr/lib/system/libsystem_kernel.dylib
0x00000001b15e8000 	/usr/lib/system/libsystem_platform.dylib
0x00000001b15b7000 	/usr/lib/system/libsystem_pthread.dylib
0x00000001b7a61000 	/usr/lib/system/libsystem_symptoms.dylib
0x00000001b1362000 	/usr/lib/system/libsystem_trace.dylib
0x00000001bcc38000 	/usr/lib/system/libunwind.dylib
0x00000001b131e000 	/usr/lib/system/libxpc.dylib
0x00000001b1565000 	/usr/lib/libc++abi.dylib
0x00000001bcc43000 	/usr/lib/liboah.dylib
0x00000001bd50b000 	/usr/lib/liblzma.5.dylib
0x00000001bcc76000 	/usr/lib/libfakelink.dylib
0x00000001b5e4a000 	/System/Library/Frameworks/CFNetwork.framework/Versions/A/CFNetwork
0x00000001bcdb5000 	/usr/lib/libarchive.2.dylib
0x00000001c12aa000 	/System/Library/Frameworks/Combine.framework/Versions/A/Combine
0x00000001bf365000 	/usr/lib/swift/libswiftCore.dylib
0x00000001d2c78000 	/usr/lib/swift/libswiftCoreFoundation.dylib
0x00000001d0b35000 	/usr/lib/swift/libswiftDarwin.dylib
0x00000001c4870000 	/usr/lib/swift/libswiftDispatch.dylib
0x00000001d2c99000 	/usr/lib/swift/libswiftIOKit.dylib
0x00000001c6cc2000 	/usr/lib/swift/libswiftObjectiveC.dylib
0x00000001d2c8c000 	/usr/lib/swift/libswiftXPC.dylib
0x000000023b7ca000 	/usr/lib/swift/libswift_Concurrency.dylib
0x000000023b91c000 	/usr/lib/swift/libswift_StringProcessing.dylib
0x00000001c6cc6000 	/usr/lib/swift/libswiftos.dylib
0x00000001b4730000 	/System/Library/PrivateFrameworks/CoreServicesInternal.framework/Versions/A/CoreServicesInternal
0x00000001bc2ee000 	/usr/lib/libbsm.0.dylib
0x00000001bcc0b000 	/usr/lib/system/libkxld.dylib
0x00000001b9372000 	/System/Library/Frameworks/CoreServices.framework/Versions/A/Frameworks/FSEvents.framework/Versions/A/FSEvents
0x00000001b4428000 	/System/Library/Frameworks/CoreServices.framework/Versions/A/Frameworks/CarbonCore.framework/Versions/A/CarbonCore
0x00000001b88c8000 	/System/Library/Frameworks/CoreServices.framework/Versions/A/Frameworks/Metadata.framework/Versions/A/Metadata
0x00000001bc90a000 	/System/Library/Frameworks/CoreServices.framework/Versions/A/Frameworks/OSServices.framework/Versions/A/OSServices
0x00000001bce3c000 	/System/Library/Frameworks/CoreServices.framework/Versions/A/Frameworks/SearchKit.framework/Versions/A/SearchKit
0x00000001b79e4000 	/System/Library/Frameworks/CoreServices.framework/Versions/A/Frameworks/AE.framework/Versions/A/AE
0x00000001b1af4000 	/System/Library/Frameworks/CoreServices.framework/Versions/A/Frameworks/LaunchServices.framework/Versions/A/LaunchServices
0x00000001bd4b4000 	/System/Library/Frameworks/CoreServices.framework/Versions/A/Frameworks/DictionaryServices.framework/Versions/A/DictionaryServices
0x00000001b937f000 	/System/Library/Frameworks/CoreServices.framework/Versions/A/Frameworks/SharedFileList.framework/Versions/A/SharedFileList
0x00000001bcedb000 	/usr/lib/libapple_nghttp2.dylib
0x00000001b5e46000 	/usr/lib/libnetwork.dylib
0x00000001b7668000 	/usr/lib/libsqlite3.dylib
0x00000001b7a6a000 	/System/Library/Frameworks/Network.framework/Versions/A/Network
0x000000023a917000 	/usr/lib/libCoreEntitlements.dylib
0x0000000227384000 	/System/Library/PrivateFrameworks/MessageSecurity.framework/Versions/A/MessageSecurity
0x00000001b764e000 	/System/Library/PrivateFrameworks/ProtocolBuffer.framework/Versions/A/ProtocolBuffer
0x00000001bc8e6000 	/System/Library/PrivateFrameworks/AppleFSCompression.framework/Versions/A/AppleFSCompression
0x00000001bc2d6000 	/usr/lib/libcoretls.dylib
0x00000001bd524000 	/usr/lib/libcoretls_cfhelpers.dylib
0x00000001bcf08000 	/usr/lib/libpam.2.dylib
0x00000001bd58c000 	/usr/lib/libxar.1.dylib
0x00000001bd957000 	/usr/lib/libheimdal-asn1.dylib
0x00000001bcc7b000 	/usr/lib/libpcap.A.dylib
0x00000001b7a57000 	/usr/lib/libdns_services.dylib
0x00000001bb7f0000 	/System/Library/PrivateFrameworks/AppleSystemInfo.framework/Versions/A/AppleSystemInfo
0x00000001bbfca000 	/System/Library/PrivateFrameworks/IOMobileFramebuffer.framework/Versions/A/IOMobileFramebuffer
0x00000001bc8f7000 	/usr/lib/libbz2.1.0.dylib
0x00000001bc2c6000 	/usr/lib/libCheckFix.dylib
0x00000001b62a4000 	/System/Library/PrivateFrameworks/TCC.framework/Versions/A/TCC
0x00000001bb7f7000 	/System/Library/PrivateFrameworks/CoreNLP.framework/Versions/A/CoreNLP
0x00000001b8887000 	/System/Library/PrivateFrameworks/MetadataUtilities.framework/Versions/A/MetadataUtilities
0x00000001bc2ff000 	/usr/lib/libmecab.dylib
0x00000001b229c000 	/usr/lib/libCRFSuite.dylib
0x00000001bc35c000 	/usr/lib/libgermantok.dylib
0x00000001bceb4000 	/usr/lib/libThaiTokenizer.dylib
0x00000001b896a000 	/System/Library/Frameworks/Accelerate.framework/Versions/A/Frameworks/vImage.framework/Versions/A/vImage
0x00000001c332e000 	/System/Library/Frameworks/Accelerate.framework/Versions/A/Frameworks/vecLib.framework/Versions/A/vecLib
0x00000001bd5d2000 	/System/Library/Frameworks/Accelerate.framework/Versions/A/Frameworks/vecLib.framework/Versions/A/libvMisc.dylib
0x00000001bbeca000 	/System/Library/Frameworks/Accelerate.framework/Versions/A/Frameworks/vecLib.framework/Versions/A/libvDSP.dylib
0x00000001b1ea8000 	/System/Library/Frameworks/Accelerate.framework/Versions/A/Frameworks/vecLib.framework/Versions/A/libBLAS.dylib
0x00000001bcfe0000 	/System/Library/Frameworks/Accelerate.framework/Versions/A/Frameworks/vecLib.framework/Versions/A/libLAPACK.dylib
0x00000001bc35f000 	/System/Library/Frameworks/Accelerate.framework/Versions/A/Frameworks/vecLib.framework/Versions/A/libLinearAlgebra.dylib
0x00000001bcef3000 	/System/Library/Frameworks/Accelerate.framework/Versions/A/Frameworks/vecLib.framework/Versions/A/libSparseBLAS.dylib
0x00000001bcfdb000 	/System/Library/Frameworks/Accelerate.framework/Versions/A/Frameworks/vecLib.framework/Versions/A/libQuadrature.dylib
0x00000001bb8f0000 	/System/Library/Frameworks/Accelerate.framework/Versions/A/Frameworks/vecLib.framework/Versions/A/libBNNS.dylib
0x00000001b21ab000 	/System/Library/Frameworks/Accelerate.framework/Versions/A/Frameworks/vecLib.framework/Versions/A/libSparse.dylib
0x00000002266ba000 	/System/Library/PrivateFrameworks/MIL.framework/Versions/A/MIL
0x00000001bccb0000 	/usr/lib/libiconv.2.dylib
0x00000001bcc04000 	/usr/lib/libcharset.1.dylib
0x00000001b9352000 	/System/Library/Frameworks/OpenDirectory.framework/Versions/A/Frameworks/CFOpenDirectory.framework/Versions/A/CFOpenDirectory
0x00000001b9342000 	/System/Library/Frameworks/OpenDirectory.framework/Versions/A/OpenDirectory
0x00000001bd526000 	/System/Library/PrivateFrameworks/APFS.framework/Versions/A/APFS
0x00000001bc200000 	/System/Library/Frameworks/SecurityFoundation.framework/Versions/A/SecurityFoundation
0x00000001bd59b000 	/usr/lib/libutil.dylib
0x000000022572f000 	/System/Library/PrivateFrameworks/InstalledContentLibrary.framework/Versions/A/InstalledContentLibrary
0x00000001b476e000 	/System/Library/PrivateFrameworks/CoreServicesStore.framework/Versions/A/CoreServicesStore
0x000000021c72a000 	/System/Library/PrivateFrameworks/AppleMobileFileIntegrity.framework/Versions/A/AppleMobileFileIntegrity
0x00000001d2c57000 	/usr/lib/libmis.dylib
0x00000001e0bb8000 	/System/Library/PrivateFrameworks/MobileSystemServices.framework/Versions/A/MobileSystemServices
0x00000001fb3f5000 	/System/Library/PrivateFrameworks/ConfigProfileHelper.framework/Versions/A/ConfigProfileHelper
0x00000001bceb6000 	/System/Library/PrivateFrameworks/AppleSauce.framework/Versions/A/AppleSauce
0x00000001b2f83000 	/System/Library/PrivateFrameworks/LanguageModeling.framework/Versions/A/LanguageModeling
0x00000001bd59f000 	/usr/lib/libxslt.1.dylib
0x00000001bcda3000 	/usr/lib/libcmph.dylib
0x00000001bbfb7000 	/System/Library/PrivateFrameworks/CoreEmoji.framework/Versions/A/CoreEmoji
0x00000001bb8ea000 	/System/Library/PrivateFrameworks/LinguisticData.framework/Versions/A/LinguisticData
0x00000001b2163000 	/System/Library/PrivateFrameworks/Lexicon.framework/Versions/A/Lexicon
0x00000001bc293000 	/System/Library/PrivateFrameworks/BackgroundTaskManagement.framework/Versions/A/BackgroundTaskManagement
0x000000023aaba000 	/usr/lib/libTLE.dylib
0x000000023b867000 	/usr/lib/swift/libswift_RegexParser.dylib
0x00000001be207000 	/System/Library/PrivateFrameworks/AppleJPEG.framework/Versions/A/AppleJPEG
0x00000001bd93c000 	/usr/lib/libexpat.1.dylib
0x00000001be7c8000 	/System/Library/Frameworks/ImageIO.framework/Versions/A/Resources/libPng.dylib
0x00000001be7f3000 	/System/Library/Frameworks/ImageIO.framework/Versions/A/Resources/libTIFF.dylib
0x00000001be8dc000 	/System/Library/Frameworks/ImageIO.framework/Versions/A/Resources/libGIF.dylib
0x00000001be24c000 	/System/Library/Frameworks/ImageIO.framework/Versions/A/Resources/libJP2.dylib
0x00000001be880000 	/System/Library/Frameworks/ImageIO.framework/Versions/A/Resources/libJPEG.dylib
0x00000001be877000 	/System/Library/Frameworks/ImageIO.framework/Versions/A/Resources/libRadiance.dylib
0x00000001babd3000 	/System/Library/PrivateFrameworks/FontServices.framework/libFontParser.dylib
0x00000001b7986000 	/System/Library/PrivateFrameworks/RunningBoardServices.framework/Versions/A/RunningBoardServices
0x00000001c91f6000 	/System/Library/PrivateFrameworks/IOSurfaceAccelerator.framework/Versions/A/IOSurfaceAccelerator
0x00000001be33e000 	/System/Library/PrivateFrameworks/WatchdogClient.framework/Versions/A/WatchdogClient
0x00000001b30fc000 	/System/Library/Frameworks/CoreDisplay.framework/Versions/A/CoreDisplay
0x00000001baaad000 	/System/Library/Frameworks/CoreMedia.framework/Versions/A/CoreMedia
0x00000001ba89a000 	/System/Library/PrivateFrameworks/IOAccelerator.framework/Versions/A/IOAccelerator
0x00000001b94e3000 	/System/Library/Frameworks/CoreVideo.framework/Versions/A/CoreVideo
0x00000001bcf06000 	/System/Library/Frameworks/MetalPerformanceShaders.framework/Versions/A/MetalPerformanceShaders
0x00000001be37d000 	/System/Library/Frameworks/VideoToolbox.framework/Versions/A/VideoToolbox
0x00000001b78c9000 	/System/Library/PrivateFrameworks/BaseBoard.framework/Versions/A/BaseBoard
0x00000001be872000 	/System/Library/PrivateFrameworks/GPUWrangler.framework/Versions/A/GPUWrangler
0x00000001be852000 	/System/Library/PrivateFrameworks/IOPresentment.framework/Versions/A/IOPresentment
0x00000001be87a000 	/System/Library/PrivateFrameworks/DSExternalDisplay.framework/Versions/A/DSExternalDisplay
0x0000000221ed8000 	/System/Library/PrivateFrameworks/GPUCompiler.framework/Versions/31001/Libraries/libllvm-flatbuffers.dylib
0x0000000200af6000 	/System/Library/Frameworks/OpenGL.framework/Versions/A/Libraries/libCoreFSCache.dylib
0x0000000221ed4000 	/System/Library/PrivateFrameworks/GPUCompiler.framework/Versions/31001/Libraries/libGPUCompilerUtils.dylib
0x00000001be8e2000 	/System/Library/PrivateFrameworks/CMCaptureCore.framework/Versions/A/CMCaptureCore
0x0000000216833000 	/System/Library/Frameworks/ExtensionFoundation.framework/Versions/A/ExtensionFoundation
0x00000001c5017000 	/System/Library/PrivateFrameworks/CoreTime.framework/Versions/A/CoreTime
0x00000001bdef9000 	/System/Library/PrivateFrameworks/AppServerSupport.framework/Versions/A/AppServerSupport
0x00000001c027d000 	/System/Library/PrivateFrameworks/perfdata.framework/Versions/A/perfdata
0x00000001b321c000 	/System/Library/PrivateFrameworks/AudioToolboxCore.framework/Versions/A/AudioToolboxCore
0x00000001baa83000 	/System/Library/PrivateFrameworks/caulk.framework/Versions/A/caulk
0x00000001bfb3a000 	/usr/lib/libAudioStatistics.dylib
0x00000001d207d000 	/System/Library/PrivateFrameworks/SystemPolicy.framework/Versions/A/SystemPolicy
0x00000001bfddc000 	/usr/lib/libSMC.dylib
0x00000001c8999000 	/System/Library/Frameworks/CoreMIDI.framework/Versions/A/CoreMIDI
0x00000001be795000 	/usr/lib/libAudioToolboxUtility.dylib
0x00000001cddf0000 	/System/Library/PrivateFrameworks/OSAServicesClient.framework/Versions/A/OSAServicesClient
0x00000001c028a000 	/usr/lib/libperfcheck.dylib
0x00000001bd827000 	/System/Library/PrivateFrameworks/PlugInKit.framework/Versions/A/PlugInKit
0x00000001bc1f2000 	/System/Library/PrivateFrameworks/AssertionServices.framework/Versions/A/AssertionServices
0x0000000200b58000 	/System/Library/Frameworks/OpenGL.framework/Versions/A/Libraries/libGLU.dylib
0x0000000200b17000 	/System/Library/Frameworks/OpenGL.framework/Versions/A/Libraries/libGFXShared.dylib
0x0000000200cfe000 	/System/Library/Frameworks/OpenGL.framework/Versions/A/Libraries/libGL.dylib
0x0000000200b20000 	/System/Library/Frameworks/OpenGL.framework/Versions/A/Libraries/libGLImage.dylib
0x0000000200b14000 	/System/Library/Frameworks/OpenGL.framework/Versions/A/Libraries/libCVMSPluginSupport.dylib
0x000000023aa99000 	/usr/lib/libRosetta.dylib
0x0000000200afd000 	/System/Library/Frameworks/OpenGL.framework/Versions/A/Libraries/libCoreVMClient.dylib
0x00000001bb768000 	/System/Library/Frameworks/MetalPerformanceShaders.framework/Versions/A/Frameworks/MPSCore.framework/Versions/A/MPSCore
0x00000001bc85c000 	/System/Library/Frameworks/MetalPerformanceShaders.framework/Versions/A/Frameworks/MPSImage.framework/Versions/A/MPSImage
0x00000001bc374000 	/System/Library/Frameworks/MetalPerformanceShaders.framework/Versions/A/Frameworks/MPSNeuralNetwork.framework/Versions/A/MPSNeuralNetwork
0x00000001bc760000 	/System/Library/Frameworks/MetalPerformanceShaders.framework/Versions/A/Frameworks/MPSMatrix.framework/Versions/A/MPSMatrix
0x00000001bc572000 	/System/Library/Frameworks/MetalPerformanceShaders.framework/Versions/A/Frameworks/MPSRayIntersector.framework/Versions/A/MPSRayIntersector
0x00000001bc78f000 	/System/Library/Frameworks/MetalPerformanceShaders.framework/Versions/A/Frameworks/MPSNDArray.framework/Versions/A/MPSNDArray
0x0000000217c01000 	/System/Library/Frameworks/MetalPerformanceShaders.framework/Versions/A/Frameworks/MPSFunctions.framework/Versions/A/MPSFunctions
0x00000001b1d6e000 	/System/Library/PrivateFrameworks/MetalTools.framework/Versions/A/MetalTools
0x00000001bb7ee000 	/System/Library/PrivateFrameworks/AggregateDictionary.framework/Versions/A/AggregateDictionary
0x00000001bd6e0000 	/usr/lib/libIOReport.dylib
0x00000001c7b86000 	/System/Library/PrivateFrameworks/ASEProcessing.framework/Versions/A/ASEProcessing
0x00000001bda97000 	/System/Library/PrivateFrameworks/GraphVisualizer.framework/Versions/A/GraphVisualizer
0x0000000221df5000 	/System/Library/PrivateFrameworks/FontServices.framework/Versions/A/FontServices
0x00000001bdeb7000 	/System/Library/PrivateFrameworks/OTSVG.framework/Versions/A/OTSVG
0x00000001b9096000 	/System/Library/Frameworks/ApplicationServices.framework/Versions/A/Frameworks/ATS.framework/Versions/A/Resources/libFontRegistry.dylib
0x00000001bdf03000 	/System/Library/PrivateFrameworks/FontServices.framework/libhvf.dylib
0x0000000221df6000 	/System/Library/PrivateFrameworks/FontServices.framework/libXTFontStaticRegistryData.dylib
0x0000000233c92000 	/System/Library/PrivateFrameworks/VideoToolboxParavirtualizationSupport.framework/Versions/A/VideoToolboxParavirtualizationSupport
0x00000001bd8f0000 	/System/Library/PrivateFrameworks/AppleVA.framework/Versions/A/AppleVA
0x00000001bfb7a000 	/System/Library/Frameworks/ApplicationServices.framework/Versions/A/Frameworks/ATS.framework/Versions/A/ATS
0x00000001b6e18000 	/System/Library/Frameworks/ApplicationServices.framework/Versions/A/Frameworks/HIServices.framework/Versions/A/HIServices
0x00000001be8ee000 	/System/Library/Frameworks/ApplicationServices.framework/Versions/A/Frameworks/PrintCore.framework/Versions/A/PrintCore
0x00000001bff35000 	/System/Library/Frameworks/ApplicationServices.framework/Versions/A/Frameworks/QD.framework/Versions/A/QD
0x00000001bff29000 	/System/Library/Frameworks/ApplicationServices.framework/Versions/A/Frameworks/ColorSyncLegacy.framework/Versions/A/ColorSyncLegacy
0x00000001bfb4e000 	/System/Library/Frameworks/ApplicationServices.framework/Versions/A/Frameworks/SpeechSynthesis.framework/Versions/A/SpeechSynthesis
0x00000001be8ac000 	/System/Library/Frameworks/ApplicationServices.framework/Versions/A/Frameworks/ATSUI.framework/Versions/A/ATSUI
0x00000001bfebc000 	/usr/lib/libcups.2.dylib
0x00000001c0298000 	/System/Library/Frameworks/Kerberos.framework/Versions/A/Kerberos
0x00000001c02a9000 	/System/Library/Frameworks/GSS.framework/Versions/A/GSS
0x00000001bfbec000 	/usr/lib/libresolv.9.dylib
0x00000001bdf13000 	/System/Library/PrivateFrameworks/Heimdal.framework/Versions/A/Heimdal
0x00000001c6c44000 	/System/Library/Frameworks/Kerberos.framework/Versions/A/Libraries/libHeimdalProxy.dylib
0x00000001c02f9000 	/System/Library/PrivateFrameworks/CommonAuth.framework/Versions/A/CommonAuth
0x0000000215a6d000 	/System/Library/Frameworks/AVFAudio.framework/Versions/A/AVFAudio
0x00000001cde3f000 	/System/Library/PrivateFrameworks/AXCoreUtilities.framework/Versions/A/AXCoreUtilities
0x00000001bfac6000 	/System/Library/PrivateFrameworks/AudioSession.framework/Versions/A/AudioSession
0x00000001c1061000 	/System/Library/Frameworks/IOBluetooth.framework/Versions/A/IOBluetooth
0x00000001bd9f1000 	/System/Library/PrivateFrameworks/MediaExperience.framework/Versions/A/MediaExperience
0x00000001bf961000 	/System/Library/PrivateFrameworks/AudioSession.framework/libSessionUtility.dylib
0x00000001bff41000 	/System/Library/PrivateFrameworks/AudioResourceArbitration.framework/Versions/A/AudioResourceArbitration
0x00000001c3f46000 	/System/Library/PrivateFrameworks/PowerLog.framework/Versions/A/PowerLog
0x00000001c3e88000 	/System/Library/Frameworks/CoreBluetooth.framework/Versions/A/CoreBluetooth
0x00000001c6c45000 	/System/Library/Frameworks/AudioUnit.framework/Versions/A/AudioUnit
0x00000001bc055000 	/System/Library/PrivateFrameworks/CoreUtils.framework/Versions/A/CoreUtils
0x00000002207f6000 	/System/Library/PrivateFrameworks/CoreUtilsExtras.framework/Versions/A/CoreUtilsExtras
0x00000002255c9000 	/System/Library/PrivateFrameworks/IO80211.framework/Versions/A/IO80211
0x00000001bd961000 	/System/Library/PrivateFrameworks/IconFoundation.framework/Versions/A/IconFoundation
0x00000001c2f5c000 	/System/Library/PrivateFrameworks/SpeechRecognitionCore.framework/Versions/A/SpeechRecognitionCore
0x0000000100db4000 	/Users/jo/Library/Java/JavaVirtualMachines/corretto-11.0.22/Contents/Home/lib/server/libjvm.dylib
0x00000001000fc000 	/Users/jo/Library/Java/JavaVirtualMachines/corretto-11.0.22/Contents/Home/lib/libverify.dylib
0x00000001001cc000 	/Users/jo/Library/Java/JavaVirtualMachines/corretto-11.0.22/Contents/Home/lib/libjava.dylib
0x0000000100198000 	/Users/jo/Library/Java/JavaVirtualMachines/corretto-11.0.22/Contents/Home/lib/libjimage.dylib
0x0000000100200000 	/Users/jo/Library/Java/JavaVirtualMachines/corretto-11.0.22/Contents/Home/lib/libinstrument.dylib
0x000000010034c000 	/private/var/folders/69/fbfzxhp15bv2l2lgx2_fxkz00000gn/T/idea_libasyncProfiler_dylib_temp_folder/libasyncProfiler.dylib
0x0000000100280000 	/Users/jo/Library/Java/JavaVirtualMachines/corretto-11.0.22/Contents/Home/lib/libzip.dylib
0x00000001002a8000 	/Users/jo/Library/Java/JavaVirtualMachines/corretto-11.0.22/Contents/Home/lib/libnio.dylib
0x00000001002c8000 	/Users/jo/Library/Java/JavaVirtualMachines/corretto-11.0.22/Contents/Home/lib/libnet.dylib
0x00000001002ec000 	/Users/jo/Library/Java/JavaVirtualMachines/corretto-11.0.22/Contents/Home/lib/libextnet.dylib


VM Arguments:
jvm_args: -javaagent:/Applications/IntelliJ IDEA.app/Contents/lib/idea_rt.jar=64094:/Applications/IntelliJ IDEA.app/Contents/bin -agentpath:/private/var/folders/69/fbfzxhp15bv2l2lgx2_fxkz00000gn/T/idea_libasyncProfiler_dylib_temp_folder/libasyncProfiler.dylib=start,jfr,event=wall,interval=10ms,jfrsync=profile,cstack=no,file=/Users/jo/IdeaSnapshots/Main_2024_04_13_201644.jfr,log=/private/var/folders/69/fbfzxhp15bv2l2lgx2_fxkz00000gn/T/Main_2024_04_13_201644.jfr.log.txt,logLevel=DEBUG -Dfile.encoding=UTF-8 
java_command: com.nhnacademy.aiotone.Main
java_class_path (initial): /Users/jo/Desktop/simple-mqtt/target/classes:/Users/jo/.m2/repository/org/eclipse/paho/mqtt-client/0.4.0/mqtt-client-0.4.0.jar
Launcher Type: SUN_STANDARD

[Global flags]
     intx CICompilerCount                          = 4                                         {product} {ergonomic}
     uint ConcGCThreads                            = 2                                         {product} {ergonomic}
     bool FlightRecorder                           = true                                      {product} {management}
     uint G1ConcRefinementThreads                  = 8                                         {product} {ergonomic}
   size_t G1HeapRegionSize                         = 1048576                                   {product} {ergonomic}
    uintx GCDrainStackTargetSize                   = 64                                        {product} {ergonomic}
   size_t InitialHeapSize                          = 268435456                                 {product} {ergonomic}
   size_t MarkStackSize                            = 4194304                                   {product} {ergonomic}
   size_t MaxHeapSize                              = 4294967296                                {product} {ergonomic}
   size_t MaxNewSize                               = 2576351232                                {product} {ergonomic}
   size_t MinHeapDeltaBytes                        = 1048576                                   {product} {ergonomic}
    uintx NonNMethodCodeHeapSize                   = 5836492                                {pd product} {ergonomic}
    uintx NonProfiledCodeHeapSize                  = 122910874                              {pd product} {ergonomic}
    uintx ProfiledCodeHeapSize                     = 122910874                              {pd product} {ergonomic}
    uintx ReservedCodeCacheSize                    = 251658240                              {pd product} {ergonomic}
     bool SegmentedCodeCache                       = true                                      {product} {ergonomic}
     bool UseCompressedClassPointers               = true                                 {lp64_product} {ergonomic}
     bool UseCompressedOops                        = true                                 {lp64_product} {ergonomic}
     bool UseG1GC                                  = true                                      {product} {ergonomic}

Logging:
Log output configuration:
 #0: stdout all=warning uptime,level,tags
 #1: stderr all=off uptime,level,tags

Environment Variables:
PATH=/opt/homebrew/anaconda3/bin:/opt/homebrew/anaconda3/condabin:/opt/homebrew/bin:/opt/homebrew/sbin:/Library/Frameworks/Python.framework/Versions/3.8/bin:/usr/local/bin:/System/Cryptexes/App/usr/bin:/usr/bin:/bin:/usr/sbin:/sbin
SHELL=/bin/zsh
LC_CTYPE=en_US.UTF-8
TMPDIR=/var/folders/69/fbfzxhp15bv2l2lgx2_fxkz00000gn/T/

Signal Handlers:
SIGSEGV: [libjvm.dylib+0x7290ec], sa_mask[0]=11111111011111110111111111111111, sa_flags=SA_ONSTACK|SA_RESTART|SA_SIGINFO
SIGBUS: [libjvm.dylib+0x7290ec], sa_mask[0]=11111111011111110111111111111111, sa_flags=SA_RESTART|SA_SIGINFO
SIGFPE: [libjvm.dylib+0x7290ec], sa_mask[0]=11111111011111110111111111111111, sa_flags=SA_RESTART|SA_SIGINFO
SIGPIPE: [libjvm.dylib+0x586974], sa_mask[0]=11111111011111110111111111111111, sa_flags=SA_RESTART|SA_SIGINFO
SIGXFSZ: [libjvm.dylib+0x586974], sa_mask[0]=11111111011111110111111111111111, sa_flags=SA_RESTART|SA_SIGINFO
SIGILL: [libjvm.dylib+0x7290ec], sa_mask[0]=11111111011111110111111111111111, sa_flags=SA_RESTART|SA_SIGINFO
SIGUSR2: [libjvm.dylib+0x586f68], sa_mask[0]=00100000000000000000000000000000, sa_flags=SA_RESTART|SA_SIGINFO
SIGHUP: [libjvm.dylib+0x585704], sa_mask[0]=11111111011111110111111111111111, sa_flags=SA_RESTART|SA_SIGINFO
SIGINT: [libjvm.dylib+0x585704], sa_mask[0]=11111111011111110111111111111111, sa_flags=SA_RESTART|SA_SIGINFO
SIGTERM: [libjvm.dylib+0x585704], sa_mask[0]=11111111011111110111111111111111, sa_flags=SA_RESTART|SA_SIGINFO
SIGQUIT: [libjvm.dylib+0x585704], sa_mask[0]=11111111011111110111111111111111, sa_flags=SA_RESTART|SA_SIGINFO


---------------  S Y S T E M  ---------------

OS:uname:Darwin 22.3.0 Darwin Kernel Version 22.3.0: Mon Jan 30 20:38:43 PST 2023; root:xnu-8792.81.3~2/RELEASE_ARM64_T8112 arm64
OS uptime: 28 days 1:04 hours
rlimit (soft/hard): STACK 8176k/65520k , CORE 0k/infinity , NPROC 2666/4000 , NOFILE 10240/infinity , AS infinity/infinity , CPU infinity/infinity , DATA infinity/infinity , FSIZE infinity/infinity , MEMLOCK infinity/infinity , RSS infinity/infinity
load average:2.38 2.28 2.13

CPU:total 8 (initial active 8) 0x61:0x0:0xda33d83d:0, simd, crc, lse

Memory: 16k page, physical 16777216k(78608k free), swap 4194304k(1202112k free)

vm_info: OpenJDK 64-Bit Server VM (11.0.22+7-LTS) for bsd-aarch64 JRE (11.0.22+7-LTS), built on Jan 10 2024 19:40:28 by "ec2user" with clang Apple LLVM 14.0.0 (clang-1400.0.29.202)

END.
